# JRE version: OpenJDK Runtime Environment (8.0_242-b01) (build 1.8.0_242-release-1644-b01)
# Java VM: OpenJDK 64-Bit Server VM (25.242-b01 mixed mode windows-amd64 compressed oops)
Heap:
 PSYoungGen      total 231936K, used 12182K [0x00000000d5580000, 0x00000000e4600000, 0x0000000100000000)
  eden space 217600K, 0% used [0x00000000d5580000,0x00000000d5580000,0x00000000e2a00000)
  from space 14336K, 84% used [0x00000000e2a00000,0x00000000e35e5960,0x00000000e3800000)
  to   space 13312K, 0% used [0x00000000e3900000,0x00000000e3900000,0x00000000e4600000)
 ParOldGen       total 92160K, used 14743K [0x0000000080000000, 0x0000000085a00000, 0x00000000d5580000)
  object space 92160K, 15% used [0x0000000080000000,0x0000000080e65e90,0x0000000085a00000)
 Metaspace       used 40925K, capacity 42628K, committed 42840K, reserved 1091584K
  class space    used 5515K, capacity 5891K, committed 6016K, reserved 1048576K
GC Heap History (10 events):
Event: 3.368 GC heap after
Heap after GC invocations=5 (full 1):
 PSYoungGen      total 140800K, used 0K [0x00000000d5580000, 0x00000000de980000, 0x0000000100000000)
  eden space 130048K, 0% used [0x00000000d5580000,0x00000000d5580000,0x00000000dd480000)
  from space 10752K, 0% used [0x00000000ddf00000,0x00000000ddf00000,0x00000000de980000)
  to   space 10752K, 0% used [0x00000000dd480000,0x00000000dd480000,0x00000000ddf00000)
 ParOldGen       total 92160K, used 6972K [0x0000000080000000, 0x0000000085a00000, 0x00000000d5580000)
  object space 92160K, 7% used [0x0000000080000000,0x00000000806cf1d0,0x0000000085a00000)
 Metaspace       used 20485K, capacity 21156K, committed 21248K, reserved 1067008K
  class space    used 2854K, capacity 3036K, committed 3072K, reserved 1048576K
}
Event: 4.756 GC heap before
{Heap before GC invocations=6 (full 1):
 PSYoungGen      total 140800K, used 130048K [0x00000000d5580000, 0x00000000de980000, 0x0000000100000000)
  eden space 130048K, 100% used [0x00000000d5580000,0x00000000dd480000,0x00000000dd480000)
  from space 10752K, 0% used [0x00000000ddf00000,0x00000000ddf00000,0x00000000de980000)
  to   space 10752K, 0% used [0x00000000dd480000,0x00000000dd480000,0x00000000ddf00000)
 ParOldGen       total 92160K, used 6972K [0x0000000080000000, 0x0000000085a00000, 0x00000000d5580000)
  object space 92160K, 7% used [0x0000000080000000,0x00000000806cf1d0,0x0000000085a00000)
 Metaspace       used 31921K, capacity 33092K, committed 33408K, reserved 1077248K
  class space    used 4316K, capacity 4651K, committed 4736K, reserved 1048576K
Event: 4.769 GC heap after
Heap after GC invocations=6 (full 1):
 PSYoungGen      total 140800K, used 10751K [0x00000000d5580000, 0x00000000e4780000, 0x0000000100000000)
  eden space 130048K, 0% used [0x00000000d5580000,0x00000000d5580000,0x00000000dd480000)
  from space 10752K, 99% used [0x00000000dd480000,0x00000000ddeffe30,0x00000000ddf00000)
  to   space 14848K, 0% used [0x00000000e3900000,0x00000000e3900000,0x00000000e4780000)
 ParOldGen       total 92160K, used 8666K [0x0000000080000000, 0x0000000085a00000, 0x00000000d5580000)
  object space 92160K, 9% used [0x0000000080000000,0x00000000808768c0,0x0000000085a00000)
 Metaspace       used 31921K, capacity 33092K, committed 33408K, reserved 1077248K
  class space    used 4316K, capacity 4651K, committed 4736K, reserved 1048576K
}
Event: 5.114 GC heap before
{Heap before GC invocations=7 (full 1):
 PSYoungGen      total 140800K, used 42258K [0x00000000d5580000, 0x00000000e4780000, 0x0000000100000000)
  eden space 130048K, 24% used [0x00000000d5580000,0x00000000d74449d8,0x00000000dd480000)
  from space 10752K, 99% used [0x00000000dd480000,0x00000000ddeffe30,0x00000000ddf00000)
  to   space 14848K, 0% used [0x00000000e3900000,0x00000000e3900000,0x00000000e4780000)
 ParOldGen       total 92160K, used 8666K [0x0000000080000000, 0x0000000085a00000, 0x00000000d5580000)
  object space 92160K, 9% used [0x0000000080000000,0x00000000808768c0,0x0000000085a00000)
 Metaspace       used 34196K, capacity 35330K, committed 35416K, reserved 1079296K
  class space    used 4601K, capacity 4916K, committed 4992K, reserved 1048576K
Event: 5.121 GC heap after
Heap after GC invocations=7 (full 1):
 PSYoungGen      total 230912K, used 8277K [0x00000000d5580000, 0x00000000e4600000, 0x0000000100000000)
  eden space 217600K, 0% used [0x00000000d5580000,0x00000000d5580000,0x00000000e2a00000)
  from space 13312K, 62% used [0x00000000e3900000,0x00000000e4115530,0x00000000e4600000)
  to   space 14336K, 0% used [0x00000000e2a00000,0x00000000e2a00000,0x00000000e3800000)
 ParOldGen       total 92160K, used 8674K [0x0000000080000000, 0x0000000085a00000, 0x00000000d5580000)
  object space 92160K, 9% used [0x0000000080000000,0x00000000808788c0,0x0000000085a00000)
 Metaspace       used 34196K, capacity 35330K, committed 35416K, reserved 1079296K
  class space    used 4601K, capacity 4916K, committed 4992K, reserved 1048576K
}
Event: 5.121 GC heap before
{Heap before GC invocations=8 (full 2):
 PSYoungGen      total 230912K, used 8277K [0x00000000d5580000, 0x00000000e4600000, 0x0000000100000000)
  eden space 217600K, 0% used [0x00000000d5580000,0x00000000d5580000,0x00000000e2a00000)
  from space 13312K, 62% used [0x00000000e3900000,0x00000000e4115530,0x00000000e4600000)
  to   space 14336K, 0% used [0x00000000e2a00000,0x00000000e2a00000,0x00000000e3800000)
 ParOldGen       total 92160K, used 8674K [0x0000000080000000, 0x0000000085a00000, 0x00000000d5580000)
  object space 92160K, 9% used [0x0000000080000000,0x00000000808788c0,0x0000000085a00000)
 Metaspace       used 34196K, capacity 35330K, committed 35416K, reserved 1079296K
  class space    used 4601K, capacity 4916K, committed 4992K, reserved 1048576K
Event: 5.173 GC heap after
Heap after GC invocations=8 (full 2):
 PSYoungGen      total 230912K, used 0K [0x00000000d5580000, 0x00000000e4600000, 0x0000000100000000)
  eden space 217600K, 0% used [0x00000000d5580000,0x00000000d5580000,0x00000000e2a00000)
  from space 13312K, 0% used [0x00000000e3900000,0x00000000e3900000,0x00000000e4600000)
  to   space 14336K, 0% used [0x00000000e2a00000,0x00000000e2a00000,0x00000000e3800000)
 ParOldGen       total 92160K, used 14735K [0x0000000080000000, 0x0000000085a00000, 0x00000000d5580000)
  object space 92160K, 15% used [0x0000000080000000,0x0000000080e63e90,0x0000000085a00000)
 Metaspace       used 34196K, capacity 35330K, committed 35416K, reserved 1079296K
  class space    used 4601K, capacity 4916K, committed 4992K, reserved 1048576K
}
Event: 6.500 GC heap before
{Heap before GC invocations=9 (full 2):
 PSYoungGen      total 230912K, used 135629K [0x00000000d5580000, 0x00000000e4600000, 0x0000000100000000)
  eden space 217600K, 62% used [0x00000000d5580000,0x00000000dd9f3728,0x00000000e2a00000)
  from space 13312K, 0% used [0x00000000e3900000,0x00000000e3900000,0x00000000e4600000)
  to   space 14336K, 0% used [0x00000000e2a00000,0x00000000e2a00000,0x00000000e3800000)
 ParOldGen       total 92160K, used 14735K [0x0000000080000000, 0x0000000085a00000, 0x00000000d5580000)
  object space 92160K, 15% used [0x0000000080000000,0x0000000080e63e90,0x0000000085a00000)
 Metaspace       used 40925K, capacity 42628K, committed 42840K, reserved 1091584K
  class space    used 5515K, capacity 5891K, committed 6016K, reserved 1048576K
Event: 6.522 GC heap after
Heap after GC invocations=9 (full 2):
 PSYoungGen      total 231936K, used 12182K [0x00000000d5580000, 0x00000000e4600000, 0x0000000100000000)
  eden space 217600K, 0% used [0x00000000d5580000,0x00000000d5580000,0x00000000e2a00000)
  from space 14336K, 84% used [0x00000000e2a00000,0x00000000e35e5960,0x00000000e3800000)
  to   space 13312K, 0% used [0x00000000e3900000,0x00000000e3900000,0x00000000e4600000)
 ParOldGen       total 92160K, used 14743K [0x0000000080000000, 0x0000000085a00000, 0x00000000d5580000)
  object space 92160K, 15% used [0x0000000080000000,0x0000000080e65e90,0x0000000085a00000)
 Metaspace       used 40925K, capacity 42628K, committed 42840K, reserved 1091584K
  class space    used 5515K, capacity 5891K, committed 6016K, reserved 1048576K
}
Event: 6.522 GC heap before
{Heap before GC invocations=10 (full 3):
 PSYoungGen      total 231936K, used 12182K [0x00000000d5580000, 0x00000000e4600000, 0x0000000100000000)
  eden space 217600K, 0% used [0x00000000d5580000,0x00000000d5580000,0x00000000e2a00000)
  from space 14336K, 84% used [0x00000000e2a00000,0x00000000e35e5960,0x00000000e3800000)
  to   space 13312K, 0% used [0x00000000e3900000,0x00000000e3900000,0x00000000e4600000)
 ParOldGen       total 92160K, used 14743K [0x0000000080000000, 0x0000000085a00000, 0x00000000d5580000)
  object space 92160K, 15% used [0x0000000080000000,0x0000000080e65e90,0x0000000085a00000)
 Metaspace       used 40925K, capacity 42628K, committed 42840K, reserved 1091584K
  class space    used 5515K, capacity 5891K, committed 6016K, reserved 1048576K

