# JRE version: OpenJDK Runtime Environment (8.0_242-b01) (build 1.8.0_242-release-1644-b01)
# Java VM: OpenJDK 64-Bit Server VM (25.242-b01 mixed mode windows-amd64 compressed oops)
Heap:
 PSYoungGen      total 223744K, used 44436K [0x00000000d5580000, 0x00000000e6880000, 0x0000000100000000)
  eden space 203264K, 12% used [0x00000000d5580000,0x00000000d6f360c8,0x00000000e1c00000)
  from space 20480K, 88% used [0x00000000e1c00000,0x00000000e2daf040,0x00000000e3000000)
  to   space 18432K, 0% used [0x00000000e3000000,0x00000000e3000000,0x00000000e4200000)
 ParOldGen       total 205312K, used 33498K [0x0000000080000000, 0x000000008c880000, 0x00000000d5580000)
  object space 205312K, 16% used [0x0000000080000000,0x00000000820b6a08,0x000000008c880000)
 Metaspace       used 70083K, capacity 72998K, committed 73176K, reserved 1112064K
  class space    used 9662K, capacity 10234K, committed 10240K, reserved 1048576K
GC Heap History (10 events):
Event: 4.784 GC heap before
{Heap before GC invocations=10 (full 2):
 PSYoungGen      total 125440K, used 112128K [0x00000000d5580000, 0x00000000e2b80000, 0x0000000100000000)
  eden space 112128K, 100% used [0x00000000d5580000,0x00000000dc300000,0x00000000dc300000)
  from space 13312K, 0% used [0x00000000dc300000,0x00000000dc300000,0x00000000dd000000)
  to   space 12800K, 0% used [0x00000000e1f00000,0x00000000e1f00000,0x00000000e2b80000)
 ParOldGen       total 135168K, used 14503K [0x0000000080000000, 0x0000000088400000, 0x00000000d5580000)
  object space 135168K, 10% used [0x0000000080000000,0x0000000080e29cb0,0x0000000088400000)
 Metaspace       used 38597K, capacity 40496K, committed 40792K, reserved 1085440K
  class space    used 5316K, capacity 5717K, committed 5760K, reserved 1048576K
Event: 4.793 GC heap after
Heap after GC invocations=10 (full 2):
 PSYoungGen      total 173056K, used 9096K [0x00000000d5580000, 0x00000000e2800000, 0x0000000100000000)
  eden space 163840K, 0% used [0x00000000d5580000,0x00000000d5580000,0x00000000df580000)
  from space 9216K, 98% used [0x00000000e1f00000,0x00000000e27e2020,0x00000000e2800000)
  to   space 12288K, 0% used [0x00000000e1000000,0x00000000e1000000,0x00000000e1c00000)
 ParOldGen       total 135168K, used 14511K [0x0000000080000000, 0x0000000088400000, 0x00000000d5580000)
  object space 135168K, 10% used [0x0000000080000000,0x0000000080e2bcb0,0x0000000088400000)
 Metaspace       used 38597K, capacity 40496K, committed 40792K, reserved 1085440K
  class space    used 5316K, capacity 5717K, committed 5760K, reserved 1048576K
}
Event: 6.539 GC heap before
{Heap before GC invocations=11 (full 2):
 PSYoungGen      total 173056K, used 172936K [0x00000000d5580000, 0x00000000e2800000, 0x0000000100000000)
  eden space 163840K, 100% used [0x00000000d5580000,0x00000000df580000,0x00000000df580000)
  from space 9216K, 98% used [0x00000000e1f00000,0x00000000e27e2020,0x00000000e2800000)
  to   space 12288K, 0% used [0x00000000e1000000,0x00000000e1000000,0x00000000e1c00000)
 ParOldGen       total 135168K, used 14511K [0x0000000080000000, 0x0000000088400000, 0x00000000d5580000)
  object space 135168K, 10% used [0x0000000080000000,0x0000000080e2bcb0,0x0000000088400000)
 Metaspace       used 52174K, capacity 54436K, committed 54616K, reserved 1095680K
  class space    used 6983K, capacity 7439K, committed 7552K, reserved 1048576K
Event: 6.557 GC heap after
Heap after GC invocations=11 (full 2):
 PSYoungGen      total 203264K, used 12284K [0x00000000d5580000, 0x00000000e4200000, 0x0000000100000000)
  eden space 190976K, 0% used [0x00000000d5580000,0x00000000d5580000,0x00000000e1000000)
  from space 12288K, 99% used [0x00000000e1000000,0x00000000e1bff320,0x00000000e1c00000)
  to   space 18432K, 0% used [0x00000000e3000000,0x00000000e3000000,0x00000000e4200000)
 ParOldGen       total 135168K, used 25595K [0x0000000080000000, 0x0000000088400000, 0x00000000d5580000)
  object space 135168K, 18% used [0x0000000080000000,0x00000000818fee58,0x0000000088400000)
 Metaspace       used 52174K, capacity 54436K, committed 54616K, reserved 1095680K
  class space    used 6983K, capacity 7439K, committed 7552K, reserved 1048576K
}
Event: 7.140 GC heap before
{Heap before GC invocations=12 (full 2):
 PSYoungGen      total 203264K, used 66026K [0x00000000d5580000, 0x00000000e4200000, 0x0000000100000000)
  eden space 190976K, 28% used [0x00000000d5580000,0x00000000d89fb6a0,0x00000000e1000000)
  from space 12288K, 99% used [0x00000000e1000000,0x00000000e1bff320,0x00000000e1c00000)
  to   space 18432K, 0% used [0x00000000e3000000,0x00000000e3000000,0x00000000e4200000)
 ParOldGen       total 135168K, used 25595K [0x0000000080000000, 0x0000000088400000, 0x00000000d5580000)
  object space 135168K, 18% used [0x0000000080000000,0x00000000818fee58,0x0000000088400000)
 Metaspace       used 56406K, capacity 58902K, committed 59028K, reserved 1099776K
  class space    used 7677K, capacity 8171K, committed 8192K, reserved 1048576K
Event: 7.154 GC heap after
Heap after GC invocations=12 (full 2):
 PSYoungGen      total 221696K, used 18423K [0x00000000d5580000, 0x00000000e6880000, 0x0000000100000000)
  eden space 203264K, 0% used [0x00000000d5580000,0x00000000d5580000,0x00000000e1c00000)
  from space 18432K, 99% used [0x00000000e3000000,0x00000000e41fdc90,0x00000000e4200000)
  to   space 20480K, 0% used [0x00000000e1c00000,0x00000000e1c00000,0x00000000e3000000)
 ParOldGen       total 135168K, used 25705K [0x0000000080000000, 0x0000000088400000, 0x00000000d5580000)
  object space 135168K, 19% used [0x0000000080000000,0x000000008191a4b0,0x0000000088400000)
 Metaspace       used 56406K, capacity 58902K, committed 59028K, reserved 1099776K
  class space    used 7677K, capacity 8171K, committed 8192K, reserved 1048576K
}
Event: 7.154 GC heap before
{Heap before GC invocations=13 (full 3):
 PSYoungGen      total 221696K, used 18423K [0x00000000d5580000, 0x00000000e6880000, 0x0000000100000000)
  eden space 203264K, 0% used [0x00000000d5580000,0x00000000d5580000,0x00000000e1c00000)
  from space 18432K, 99% used [0x00000000e3000000,0x00000000e41fdc90,0x00000000e4200000)
  to   space 20480K, 0% used [0x00000000e1c00000,0x00000000e1c00000,0x00000000e3000000)
 ParOldGen       total 135168K, used 25705K [0x0000000080000000, 0x0000000088400000, 0x00000000d5580000)
  object space 135168K, 19% used [0x0000000080000000,0x000000008191a4b0,0x0000000088400000)
 Metaspace       used 56406K, capacity 58902K, committed 59028K, reserved 1099776K
  class space    used 7677K, capacity 8171K, committed 8192K, reserved 1048576K
Event: 7.369 GC heap after
Heap after GC invocations=13 (full 3):
 PSYoungGen      total 221696K, used 0K [0x00000000d5580000, 0x00000000e6880000, 0x0000000100000000)
  eden space 203264K, 0% used [0x00000000d5580000,0x00000000d5580000,0x00000000e1c00000)
  from space 18432K, 0% used [0x00000000e3000000,0x00000000e3000000,0x00000000e4200000)
  to   space 20480K, 0% used [0x00000000e1c00000,0x00000000e1c00000,0x00000000e3000000)
 ParOldGen       total 205312K, used 33490K [0x0000000080000000, 0x000000008c880000, 0x00000000d5580000)
  object space 205312K, 16% used [0x0000000080000000,0x00000000820b4a08,0x000000008c880000)
 Metaspace       used 56364K, capacity 58758K, committed 59028K, reserved 1099776K
  class space    used 7664K, capacity 8147K, committed 8192K, reserved 1048576K
}
Event: 9.808 GC heap before
{Heap before GC invocations=14 (full 3):
 PSYoungGen      total 221696K, used 203264K [0x00000000d5580000, 0x00000000e6880000, 0x0000000100000000)
  eden space 203264K, 100% used [0x00000000d5580000,0x00000000e1c00000,0x00000000e1c00000)
  from space 18432K, 0% used [0x00000000e3000000,0x00000000e3000000,0x00000000e4200000)
  to   space 20480K, 0% used [0x00000000e1c00000,0x00000000e1c00000,0x00000000e3000000)
 ParOldGen       total 205312K, used 33490K [0x0000000080000000, 0x000000008c880000, 0x00000000d5580000)
  object space 205312K, 16% used [0x0000000080000000,0x00000000820b4a08,0x000000008c880000)
 Metaspace       used 68317K, capacity 71220K, committed 71384K, reserved 1110016K
  class space    used 9384K, capacity 9945K, committed 9984K, reserved 1048576K
Event: 9.828 GC heap after
Heap after GC invocations=14 (full 3):
 PSYoungGen      total 223744K, used 18108K [0x00000000d5580000, 0x00000000e6880000, 0x0000000100000000)
  eden space 203264K, 0% used [0x00000000d5580000,0x00000000d5580000,0x00000000e1c00000)
  from space 20480K, 88% used [0x00000000e1c00000,0x00000000e2daf040,0x00000000e3000000)
  to   space 18432K, 0% used [0x00000000e3000000,0x00000000e3000000,0x00000000e4200000)
 ParOldGen       total 205312K, used 33498K [0x0000000080000000, 0x000000008c880000, 0x00000000d5580000)
  object space 205312K, 16% used [0x0000000080000000,0x00000000820b6a08,0x000000008c880000)
 Metaspace       used 68317K, capacity 71220K, committed 71384K, reserved 1110016K
  class space    used 9384K, capacity 9945K, committed 9984K, reserved 1048576K
}

