# JRE version: OpenJDK Runtime Environment (8.0_242-b01) (build 1.8.0_242-release-1644-b01)
# Java VM: OpenJDK 64-Bit Server VM (25.242-b01 mixed mode windows-amd64 compressed oops)
Heap:
 PSYoungGen      total 162304K, used 139813K [0x00000000d5580000, 0x00000000e1380000, 0x0000000100000000)
  eden space 152576K, 85% used [0x00000000d5580000,0x00000000dd4cfc98,0x00000000dea80000)
  from space 9728K, 97% used [0x00000000e0a00000,0x00000000e1339858,0x00000000e1380000)
  to   space 12288K, 0% used [0x00000000dfb80000,0x00000000dfb80000,0x00000000e0780000)
 ParOldGen       total 149504K, used 17557K [0x0000000080000000, 0x0000000089200000, 0x00000000d5580000)
  object space 149504K, 11% used [0x0000000080000000,0x0000000081125660,0x0000000089200000)
 Metaspace       used 51681K, capacity 53648K, committed 53800K, reserved 1095680K
  class space    used 6938K, capacity 7404K, committed 7464K, reserved 1048576K
GC Heap History (10 events):
Event: 4.173 GC heap before
{Heap before GC invocations=6 (full 1):
 PSYoungGen      total 75776K, used 65024K [0x00000000d5580000, 0x00000000de980000, 0x0000000100000000)
  eden space 65024K, 100% used [0x00000000d5580000,0x00000000d9500000,0x00000000d9500000)
  from space 10752K, 0% used [0x00000000d9f80000,0x00000000d9f80000,0x00000000daa00000)
  to   space 10752K, 0% used [0x00000000d9500000,0x00000000d9500000,0x00000000d9f80000)
 ParOldGen       total 98304K, used 7931K [0x0000000080000000, 0x0000000086000000, 0x00000000d5580000)
  object space 98304K, 8% used [0x0000000080000000,0x00000000807beee0,0x0000000086000000)
 Metaspace       used 28006K, capacity 28810K, committed 28976K, reserved 1075200K
  class space    used 3860K, capacity 4104K, committed 4144K, reserved 1048576K
Event: 4.177 GC heap after
Heap after GC invocations=6 (full 1):
 PSYoungGen      total 75776K, used 7758K [0x00000000d5580000, 0x00000000dd400000, 0x0000000100000000)
  eden space 65024K, 0% used [0x00000000d5580000,0x00000000d5580000,0x00000000d9500000)
  from space 10752K, 72% used [0x00000000d9500000,0x00000000d9c93b70,0x00000000d9f80000)
  to   space 12800K, 0% used [0x00000000dc780000,0x00000000dc780000,0x00000000dd400000)
 ParOldGen       total 98304K, used 7939K [0x0000000080000000, 0x0000000086000000, 0x00000000d5580000)
  object space 98304K, 8% used [0x0000000080000000,0x00000000807c0ee0,0x0000000086000000)
 Metaspace       used 28006K, capacity 28810K, committed 28976K, reserved 1075200K
  class space    used 3860K, capacity 4104K, committed 4144K, reserved 1048576K
}
Event: 5.111 GC heap before
{Heap before GC invocations=7 (full 1):
 PSYoungGen      total 75776K, used 72782K [0x00000000d5580000, 0x00000000dd400000, 0x0000000100000000)
  eden space 65024K, 100% used [0x00000000d5580000,0x00000000d9500000,0x00000000d9500000)
  from space 10752K, 72% used [0x00000000d9500000,0x00000000d9c93b70,0x00000000d9f80000)
  to   space 12800K, 0% used [0x00000000dc780000,0x00000000dc780000,0x00000000dd400000)
 ParOldGen       total 98304K, used 7939K [0x0000000080000000, 0x0000000086000000, 0x00000000d5580000)
  object space 98304K, 8% used [0x0000000080000000,0x00000000807c0ee0,0x0000000086000000)
 Metaspace       used 32111K, capacity 33072K, committed 33328K, reserved 1077248K
  class space    used 4344K, capacity 4625K, committed 4656K, reserved 1048576K
Event: 5.125 GC heap after
Heap after GC invocations=7 (full 1):
 PSYoungGen      total 114688K, used 8628K [0x00000000d5580000, 0x00000000dd280000, 0x0000000100000000)
  eden space 103424K, 0% used [0x00000000d5580000,0x00000000d5580000,0x00000000dba80000)
  from space 11264K, 76% used [0x00000000dc780000,0x00000000dcfed1c8,0x00000000dd280000)
  to   space 12288K, 0% used [0x00000000dba80000,0x00000000dba80000,0x00000000dc680000)
 ParOldGen       total 98304K, used 7947K [0x0000000080000000, 0x0000000086000000, 0x00000000d5580000)
  object space 98304K, 8% used [0x0000000080000000,0x00000000807c2ee0,0x0000000086000000)
 Metaspace       used 32111K, capacity 33072K, committed 33328K, reserved 1077248K
  class space    used 4344K, capacity 4625K, committed 4656K, reserved 1048576K
}
Event: 5.626 GC heap before
{Heap before GC invocations=8 (full 1):
 PSYoungGen      total 114688K, used 53785K [0x00000000d5580000, 0x00000000dd280000, 0x0000000100000000)
  eden space 103424K, 43% used [0x00000000d5580000,0x00000000d8199328,0x00000000dba80000)
  from space 11264K, 76% used [0x00000000dc780000,0x00000000dcfed1c8,0x00000000dd280000)
  to   space 12288K, 0% used [0x00000000dba80000,0x00000000dba80000,0x00000000dc680000)
 ParOldGen       total 98304K, used 7947K [0x0000000080000000, 0x0000000086000000, 0x00000000d5580000)
  object space 98304K, 8% used [0x0000000080000000,0x00000000807c2ee0,0x0000000086000000)
 Metaspace       used 34432K, capacity 35392K, committed 35496K, reserved 1079296K
  class space    used 4679K, capacity 4943K, committed 5032K, reserved 1048576K
Event: 5.648 GC heap after
Heap after GC invocations=8 (full 1):
 PSYoungGen      total 115712K, used 10217K [0x00000000d5580000, 0x00000000e1600000, 0x0000000100000000)
  eden space 103424K, 0% used [0x00000000d5580000,0x00000000d5580000,0x00000000dba80000)
  from space 12288K, 83% used [0x00000000dba80000,0x00000000dc47a6a0,0x00000000dc680000)
  to   space 12288K, 0% used [0x00000000e0a00000,0x00000000e0a00000,0x00000000e1600000)
 ParOldGen       total 98304K, used 7955K [0x0000000080000000, 0x0000000086000000, 0x00000000d5580000)
  object space 98304K, 8% used [0x0000000080000000,0x00000000807c4ee0,0x0000000086000000)
 Metaspace       used 34432K, capacity 35392K, committed 35496K, reserved 1079296K
  class space    used 4679K, capacity 4943K, committed 5032K, reserved 1048576K
}
Event: 5.648 GC heap before
{Heap before GC invocations=9 (full 2):
 PSYoungGen      total 115712K, used 10217K [0x00000000d5580000, 0x00000000e1600000, 0x0000000100000000)
  eden space 103424K, 0% used [0x00000000d5580000,0x00000000d5580000,0x00000000dba80000)
  from space 12288K, 83% used [0x00000000dba80000,0x00000000dc47a6a0,0x00000000dc680000)
  to   space 12288K, 0% used [0x00000000e0a00000,0x00000000e0a00000,0x00000000e1600000)
 ParOldGen       total 98304K, used 7955K [0x0000000080000000, 0x0000000086000000, 0x00000000d5580000)
  object space 98304K, 8% used [0x0000000080000000,0x00000000807c4ee0,0x0000000086000000)
 Metaspace       used 34432K, capacity 35392K, committed 35496K, reserved 1079296K
  class space    used 4679K, capacity 4943K, committed 5032K, reserved 1048576K
Event: 5.713 GC heap after
Heap after GC invocations=9 (full 2):
 PSYoungGen      total 115712K, used 0K [0x00000000d5580000, 0x00000000e1600000, 0x0000000100000000)
  eden space 103424K, 0% used [0x00000000d5580000,0x00000000d5580000,0x00000000dba80000)
  from space 12288K, 0% used [0x00000000dba80000,0x00000000dba80000,0x00000000dc680000)
  to   space 12288K, 0% used [0x00000000e0a00000,0x00000000e0a00000,0x00000000e1600000)
 ParOldGen       total 149504K, used 17549K [0x0000000080000000, 0x0000000089200000, 0x00000000d5580000)
  object space 149504K, 11% used [0x0000000080000000,0x0000000081123660,0x0000000089200000)
 Metaspace       used 34432K, capacity 35392K, committed 35496K, reserved 1079296K
  class space    used 4679K, capacity 4943K, committed 5032K, reserved 1048576K
}
Event: 6.924 GC heap before
{Heap before GC invocations=10 (full 2):
 PSYoungGen      total 115712K, used 103424K [0x00000000d5580000, 0x00000000e1600000, 0x0000000100000000)
  eden space 103424K, 100% used [0x00000000d5580000,0x00000000dba80000,0x00000000dba80000)
  from space 12288K, 0% used [0x00000000dba80000,0x00000000dba80000,0x00000000dc680000)
  to   space 12288K, 0% used [0x00000000e0a00000,0x00000000e0a00000,0x00000000e1600000)
 ParOldGen       total 149504K, used 17549K [0x0000000080000000, 0x0000000089200000, 0x00000000d5580000)
  object space 149504K, 11% used [0x0000000080000000,0x0000000081123660,0x0000000089200000)
 Metaspace       used 40391K, capacity 42036K, committed 42152K, reserved 1085440K
  class space    used 5571K, capacity 5963K, committed 6056K, reserved 1048576K
Event: 6.930 GC heap after
Heap after GC invocations=10 (full 2):
 PSYoungGen      total 162304K, used 9446K [0x00000000d5580000, 0x00000000e1380000, 0x0000000100000000)
  eden space 152576K, 0% used [0x00000000d5580000,0x00000000d5580000,0x00000000dea80000)
  from space 9728K, 97% used [0x00000000e0a00000,0x00000000e1339858,0x00000000e1380000)
  to   space 12288K, 0% used [0x00000000dfb80000,0x00000000dfb80000,0x00000000e0780000)
 ParOldGen       total 149504K, used 17557K [0x0000000080000000, 0x0000000089200000, 0x00000000d5580000)
  object space 149504K, 11% used [0x0000000080000000,0x0000000081125660,0x0000000089200000)
 Metaspace       used 40391K, capacity 42036K, committed 42152K, reserved 1085440K
  class space    used 5571K, capacity 5963K, committed 6056K, reserved 1048576K
}

