# JRE version: OpenJDK Runtime Environment (8.0_242-b01) (build 1.8.0_242-release-1644-b01)
# Java VM: OpenJDK 64-Bit Server VM (25.242-b01 mixed mode windows-amd64 compressed oops)
Heap:
 PSYoungGen      total 228864K, used 18448K [0x00000000d5580000, 0x00000000e4800000, 0x0000000100000000)
  eden space 213504K, 8% used [0x00000000d5580000,0x00000000d67840e8,0x00000000e2600000)
  from space 15360K, 0% used [0x00000000e3400000,0x00000000e3400000,0x00000000e4300000)
  to   space 14336K, 0% used [0x00000000e2600000,0x00000000e2600000,0x00000000e3400000)
 ParOldGen       total 215552K, used 32610K [0x0000000080000000, 0x000000008d280000, 0x00000000d5580000)
  object space 215552K, 15% used [0x0000000080000000,0x0000000081fd8bd8,0x000000008d280000)
 Metaspace       used 57806K, capacity 59870K, committed 59944K, reserved 1101824K
  class space    used 7963K, capacity 8458K, committed 8496K, reserved 1048576K
GC Heap History (10 events):
Event: 4.411 GC heap before
{Heap before GC invocations=7 (full 1):
 PSYoungGen      total 140800K, used 63151K [0x00000000d5580000, 0x00000000e4300000, 0x0000000100000000)
  eden space 130048K, 40% used [0x00000000d5580000,0x00000000d88af248,0x00000000dd480000)
  from space 10752K, 99% used [0x00000000dd480000,0x00000000ddefca58,0x00000000ddf00000)
  to   space 15360K, 0% used [0x00000000e3400000,0x00000000e3400000,0x00000000e4300000)
 ParOldGen       total 96768K, used 9821K [0x0000000080000000, 0x0000000085e80000, 0x00000000d5580000)
  object space 96768K, 10% used [0x0000000080000000,0x0000000080997410,0x0000000085e80000)
 Metaspace       used 34580K, capacity 35414K, committed 35496K, reserved 1079296K
  class space    used 4745K, capacity 4972K, committed 5040K, reserved 1048576K
Event: 4.430 GC heap after
Heap after GC invocations=7 (full 1):
 PSYoungGen      total 228864K, used 9076K [0x00000000d5580000, 0x00000000e4800000, 0x0000000100000000)
  eden space 213504K, 0% used [0x00000000d5580000,0x00000000d5580000,0x00000000e2600000)
  from space 15360K, 59% used [0x00000000e3400000,0x00000000e3cdd3e0,0x00000000e4300000)
  to   space 14336K, 0% used [0x00000000e2600000,0x00000000e2600000,0x00000000e3400000)
 ParOldGen       total 96768K, used 9829K [0x0000000080000000, 0x0000000085e80000, 0x00000000d5580000)
  object space 96768K, 10% used [0x0000000080000000,0x0000000080999410,0x0000000085e80000)
 Metaspace       used 34580K, capacity 35414K, committed 35496K, reserved 1079296K
  class space    used 4745K, capacity 4972K, committed 5040K, reserved 1048576K
}
Event: 4.430 GC heap before
{Heap before GC invocations=8 (full 2):
 PSYoungGen      total 228864K, used 9076K [0x00000000d5580000, 0x00000000e4800000, 0x0000000100000000)
  eden space 213504K, 0% used [0x00000000d5580000,0x00000000d5580000,0x00000000e2600000)
  from space 15360K, 59% used [0x00000000e3400000,0x00000000e3cdd3e0,0x00000000e4300000)
  to   space 14336K, 0% used [0x00000000e2600000,0x00000000e2600000,0x00000000e3400000)
 ParOldGen       total 96768K, used 9829K [0x0000000080000000, 0x0000000085e80000, 0x00000000d5580000)
  object space 96768K, 10% used [0x0000000080000000,0x0000000080999410,0x0000000085e80000)
 Metaspace       used 34580K, capacity 35414K, committed 35496K, reserved 1079296K
  class space    used 4745K, capacity 4972K, committed 5040K, reserved 1048576K
Event: 4.479 GC heap after
Heap after GC invocations=8 (full 2):
 PSYoungGen      total 228864K, used 0K [0x00000000d5580000, 0x00000000e4800000, 0x0000000100000000)
  eden space 213504K, 0% used [0x00000000d5580000,0x00000000d5580000,0x00000000e2600000)
  from space 15360K, 0% used [0x00000000e3400000,0x00000000e3400000,0x00000000e4300000)
  to   space 14336K, 0% used [0x00000000e2600000,0x00000000e2600000,0x00000000e3400000)
 ParOldGen       total 144384K, used 15704K [0x0000000080000000, 0x0000000088d00000, 0x00000000d5580000)
  object space 144384K, 10% used [0x0000000080000000,0x0000000080f56280,0x0000000088d00000)
 Metaspace       used 34580K, capacity 35414K, committed 35496K, reserved 1079296K
  class space    used 4745K, capacity 4972K, committed 5040K, reserved 1048576K
}
Event: 7.126 GC heap before
{Heap before GC invocations=9 (full 2):
 PSYoungGen      total 228864K, used 213504K [0x00000000d5580000, 0x00000000e4800000, 0x0000000100000000)
  eden space 213504K, 100% used [0x00000000d5580000,0x00000000e2600000,0x00000000e2600000)
  from space 15360K, 0% used [0x00000000e3400000,0x00000000e3400000,0x00000000e4300000)
  to   space 14336K, 0% used [0x00000000e2600000,0x00000000e2600000,0x00000000e3400000)
 ParOldGen       total 144384K, used 15704K [0x0000000080000000, 0x0000000088d00000, 0x00000000d5580000)
  object space 144384K, 10% used [0x0000000080000000,0x0000000080f56280,0x0000000088d00000)
 Metaspace       used 52577K, capacity 54466K, committed 54696K, reserved 1095680K
  class space    used 7143K, capacity 7560K, committed 7600K, reserved 1048576K
Event: 7.149 GC heap after
Heap after GC invocations=9 (full 2):
 PSYoungGen      total 227840K, used 14316K [0x00000000d5580000, 0x00000000e4800000, 0x0000000100000000)
  eden space 213504K, 0% used [0x00000000d5580000,0x00000000d5580000,0x00000000e2600000)
  from space 14336K, 99% used [0x00000000e2600000,0x00000000e33fb310,0x00000000e3400000)
  to   space 15360K, 0% used [0x00000000e3400000,0x00000000e3400000,0x00000000e4300000)
 ParOldGen       total 144384K, used 27841K [0x0000000080000000, 0x0000000088d00000, 0x00000000d5580000)
  object space 144384K, 19% used [0x0000000080000000,0x0000000081b30578,0x0000000088d00000)
 Metaspace       used 52577K, capacity 54466K, committed 54696K, reserved 1095680K
  class space    used 7143K, capacity 7560K, committed 7600K, reserved 1048576K
}
Event: 7.934 GC heap before
{Heap before GC invocations=10 (full 2):
 PSYoungGen      total 227840K, used 78611K [0x00000000d5580000, 0x00000000e4800000, 0x0000000100000000)
  eden space 213504K, 30% used [0x00000000d5580000,0x00000000d9449b20,0x00000000e2600000)
  from space 14336K, 99% used [0x00000000e2600000,0x00000000e33fb310,0x00000000e3400000)
  to   space 15360K, 0% used [0x00000000e3400000,0x00000000e3400000,0x00000000e4300000)
 ParOldGen       total 144384K, used 27841K [0x0000000080000000, 0x0000000088d00000, 0x00000000d5580000)
  object space 144384K, 19% used [0x0000000080000000,0x0000000081b30578,0x0000000088d00000)
 Metaspace       used 56984K, capacity 59032K, committed 59160K, reserved 1099776K
  class space    used 7831K, capacity 8295K, committed 8368K, reserved 1048576K
Event: 7.947 GC heap after
Heap after GC invocations=10 (full 2):
 PSYoungGen      total 228864K, used 15358K [0x00000000d5580000, 0x00000000e4800000, 0x0000000100000000)
  eden space 213504K, 0% used [0x00000000d5580000,0x00000000d5580000,0x00000000e2600000)
  from space 15360K, 99% used [0x00000000e3400000,0x00000000e42ff910,0x00000000e4300000)
  to   space 14336K, 0% used [0x00000000e2600000,0x00000000e2600000,0x00000000e3400000)
 ParOldGen       total 144384K, used 32670K [0x0000000080000000, 0x0000000088d00000, 0x00000000d5580000)
  object space 144384K, 22% used [0x0000000080000000,0x0000000081fe7bf8,0x0000000088d00000)
 Metaspace       used 56984K, capacity 59032K, committed 59160K, reserved 1099776K
  class space    used 7831K, capacity 8295K, committed 8368K, reserved 1048576K
}
Event: 7.947 GC heap before
{Heap before GC invocations=11 (full 3):
 PSYoungGen      total 228864K, used 15358K [0x00000000d5580000, 0x00000000e4800000, 0x0000000100000000)
  eden space 213504K, 0% used [0x00000000d5580000,0x00000000d5580000,0x00000000e2600000)
  from space 15360K, 99% used [0x00000000e3400000,0x00000000e42ff910,0x00000000e4300000)
  to   space 14336K, 0% used [0x00000000e2600000,0x00000000e2600000,0x00000000e3400000)
 ParOldGen       total 144384K, used 32670K [0x0000000080000000, 0x0000000088d00000, 0x00000000d5580000)
  object space 144384K, 22% used [0x0000000080000000,0x0000000081fe7bf8,0x0000000088d00000)
 Metaspace       used 56984K, capacity 59032K, committed 59160K, reserved 1099776K
  class space    used 7831K, capacity 8295K, committed 8368K, reserved 1048576K
Event: 8.218 GC heap after
Heap after GC invocations=11 (full 3):
 PSYoungGen      total 228864K, used 0K [0x00000000d5580000, 0x00000000e4800000, 0x0000000100000000)
  eden space 213504K, 0% used [0x00000000d5580000,0x00000000d5580000,0x00000000e2600000)
  from space 15360K, 0% used [0x00000000e3400000,0x00000000e3400000,0x00000000e4300000)
  to   space 14336K, 0% used [0x00000000e2600000,0x00000000e2600000,0x00000000e3400000)
 ParOldGen       total 215552K, used 32610K [0x0000000080000000, 0x000000008d280000, 0x00000000d5580000)
  object space 215552K, 15% used [0x0000000080000000,0x0000000081fd8bd8,0x000000008d280000)
 Metaspace       used 56954K, capacity 58930K, committed 59160K, reserved 1099776K
  class space    used 7821K, capacity 8278K, committed 8368K, reserved 1048576K
}

