# JRE version: OpenJDK Runtime Environment (8.0_242-b01) (build 1.8.0_242-release-1644-b01)
# Java VM: OpenJDK 64-Bit Server VM (25.242-b01 mixed mode windows-amd64 compressed oops)
Heap:
 PSYoungGen      total 227840K, used 208591K [0x00000000d5580000, 0x00000000e6880000, 0x0000000100000000)
  eden space 217088K, 96% used [0x00000000d5580000,0x00000000e2133ca0,0x00000000e2980000)
  from space 10752K, 0% used [0x00000000e5380000,0x00000000e5380000,0x00000000e5e00000)
  to   space 10752K, 0% used [0x00000000e5e00000,0x00000000e5e00000,0x00000000e6880000)
 ParOldGen       total 155648K, used 15617K [0x0000000080000000, 0x0000000089800000, 0x00000000d5580000)
  object space 155648K, 10% used [0x0000000080000000,0x0000000080f40490,0x0000000089800000)
 Metaspace       used 51742K, capacity 53572K, committed 53800K, reserved 1095680K
  class space    used 6995K, capacity 7439K, committed 7472K, reserved 1048576K
GC Heap History (10 events):
Event: 2.681 GC heap before
{Heap before GC invocations=3 (full 0):
 PSYoungGen      total 140800K, used 85421K [0x00000000d5580000, 0x00000000de980000, 0x0000000100000000)
  eden space 130048K, 58% used [0x00000000d5580000,0x00000000d9ffa0c0,0x00000000dd480000)
  from space 10752K, 85% used [0x00000000ddf00000,0x00000000de7f1668,0x00000000de980000)
  to   space 10752K, 0% used [0x00000000dd480000,0x00000000dd480000,0x00000000ddf00000)
 ParOldGen       total 173568K, used 24K [0x0000000080000000, 0x000000008a980000, 0x00000000d5580000)
  object space 173568K, 0% used [0x0000000080000000,0x0000000080006000,0x000000008a980000)
 Metaspace       used 20635K, capacity 21260K, committed 21296K, reserved 1067008K
  class space    used 2896K, capacity 3116K, committed 3120K, reserved 1048576K
Event: 2.700 GC heap after
Heap after GC invocations=3 (full 0):
 PSYoungGen      total 140800K, used 10751K [0x00000000d5580000, 0x00000000e6880000, 0x0000000100000000)
  eden space 130048K, 0% used [0x00000000d5580000,0x00000000d5580000,0x00000000dd480000)
  from space 10752K, 99% used [0x00000000dd480000,0x00000000ddeffeb8,0x00000000ddf00000)
  to   space 10752K, 0% used [0x00000000e5e00000,0x00000000e5e00000,0x00000000e6880000)
 ParOldGen       total 173568K, used 1925K [0x0000000080000000, 0x000000008a980000, 0x00000000d5580000)
  object space 173568K, 1% used [0x0000000080000000,0x00000000801e1438,0x000000008a980000)
 Metaspace       used 20635K, capacity 21260K, committed 21296K, reserved 1067008K
  class space    used 2896K, capacity 3116K, committed 3120K, reserved 1048576K
}
Event: 2.700 GC heap before
{Heap before GC invocations=4 (full 1):
 PSYoungGen      total 140800K, used 10751K [0x00000000d5580000, 0x00000000e6880000, 0x0000000100000000)
  eden space 130048K, 0% used [0x00000000d5580000,0x00000000d5580000,0x00000000dd480000)
  from space 10752K, 99% used [0x00000000dd480000,0x00000000ddeffeb8,0x00000000ddf00000)
  to   space 10752K, 0% used [0x00000000e5e00000,0x00000000e5e00000,0x00000000e6880000)
 ParOldGen       total 173568K, used 1925K [0x0000000080000000, 0x000000008a980000, 0x00000000d5580000)
  object space 173568K, 1% used [0x0000000080000000,0x00000000801e1438,0x000000008a980000)
 Metaspace       used 20635K, capacity 21260K, committed 21296K, reserved 1067008K
  class space    used 2896K, capacity 3116K, committed 3120K, reserved 1048576K
Event: 2.727 GC heap after
Heap after GC invocations=4 (full 1):
 PSYoungGen      total 140800K, used 0K [0x00000000d5580000, 0x00000000e6880000, 0x0000000100000000)
  eden space 130048K, 0% used [0x00000000d5580000,0x00000000d5580000,0x00000000dd480000)
  from space 10752K, 0% used [0x00000000dd480000,0x00000000dd480000,0x00000000ddf00000)
  to   space 10752K, 0% used [0x00000000e5e00000,0x00000000e5e00000,0x00000000e6880000)
 ParOldGen       total 100864K, used 12174K [0x0000000080000000, 0x0000000086280000, 0x00000000d5580000)
  object space 100864K, 12% used [0x0000000080000000,0x0000000080be3a00,0x0000000086280000)
 Metaspace       used 20635K, capacity 21260K, committed 21296K, reserved 1067008K
  class space    used 2896K, capacity 3116K, committed 3120K, reserved 1048576K
}
Event: 3.808 GC heap before
{Heap before GC invocations=5 (full 1):
 PSYoungGen      total 140800K, used 130048K [0x00000000d5580000, 0x00000000e6880000, 0x0000000100000000)
  eden space 130048K, 100% used [0x00000000d5580000,0x00000000dd480000,0x00000000dd480000)
  from space 10752K, 0% used [0x00000000dd480000,0x00000000dd480000,0x00000000ddf00000)
  to   space 10752K, 0% used [0x00000000e5e00000,0x00000000e5e00000,0x00000000e6880000)
 ParOldGen       total 100864K, used 12174K [0x0000000080000000, 0x0000000086280000, 0x00000000d5580000)
  object space 100864K, 12% used [0x0000000080000000,0x0000000080be3a00,0x0000000086280000)
 Metaspace       used 32103K, capacity 32920K, committed 33072K, reserved 1077248K
  class space    used 4377K, capacity 4609K, committed 4656K, reserved 1048576K
Event: 3.829 GC heap after
Heap after GC invocations=5 (full 1):
 PSYoungGen      total 227840K, used 10725K [0x00000000d5580000, 0x00000000e6880000, 0x0000000100000000)
  eden space 217088K, 0% used [0x00000000d5580000,0x00000000d5580000,0x00000000e2980000)
  from space 10752K, 99% used [0x00000000e5e00000,0x00000000e6879400,0x00000000e6880000)
  to   space 10752K, 0% used [0x00000000e5380000,0x00000000e5380000,0x00000000e5e00000)
 ParOldGen       total 100864K, used 14663K [0x0000000080000000, 0x0000000086280000, 0x00000000d5580000)
  object space 100864K, 14% used [0x0000000080000000,0x0000000080e51f10,0x0000000086280000)
 Metaspace       used 32103K, capacity 32920K, committed 33072K, reserved 1077248K
  class space    used 4377K, capacity 4609K, committed 4656K, reserved 1048576K
}
Event: 4.161 GC heap before
{Heap before GC invocations=6 (full 1):
 PSYoungGen      total 227840K, used 65731K [0x00000000d5580000, 0x00000000e6880000, 0x0000000100000000)
  eden space 217088K, 25% used [0x00000000d5580000,0x00000000d8b37b48,0x00000000e2980000)
  from space 10752K, 99% used [0x00000000e5e00000,0x00000000e6879400,0x00000000e6880000)
  to   space 10752K, 0% used [0x00000000e5380000,0x00000000e5380000,0x00000000e5e00000)
 ParOldGen       total 100864K, used 14663K [0x0000000080000000, 0x0000000086280000, 0x00000000d5580000)
  object space 100864K, 14% used [0x0000000080000000,0x0000000080e51f10,0x0000000086280000)
 Metaspace       used 34562K, capacity 35410K, committed 35496K, reserved 1079296K
  class space    used 4744K, capacity 4972K, committed 5040K, reserved 1048576K
Event: 4.167 GC heap after
Heap after GC invocations=6 (full 1):
 PSYoungGen      total 227840K, used 8973K [0x00000000d5580000, 0x00000000e6880000, 0x0000000100000000)
  eden space 217088K, 0% used [0x00000000d5580000,0x00000000d5580000,0x00000000e2980000)
  from space 10752K, 83% used [0x00000000e5380000,0x00000000e5c434f0,0x00000000e5e00000)
  to   space 10752K, 0% used [0x00000000e5e00000,0x00000000e5e00000,0x00000000e6880000)
 ParOldGen       total 100864K, used 14671K [0x0000000080000000, 0x0000000086280000, 0x00000000d5580000)
  object space 100864K, 14% used [0x0000000080000000,0x0000000080e53f10,0x0000000086280000)
 Metaspace       used 34562K, capacity 35410K, committed 35496K, reserved 1079296K
  class space    used 4744K, capacity 4972K, committed 5040K, reserved 1048576K
}
Event: 4.167 GC heap before
{Heap before GC invocations=7 (full 2):
 PSYoungGen      total 227840K, used 8973K [0x00000000d5580000, 0x00000000e6880000, 0x0000000100000000)
  eden space 217088K, 0% used [0x00000000d5580000,0x00000000d5580000,0x00000000e2980000)
  from space 10752K, 83% used [0x00000000e5380000,0x00000000e5c434f0,0x00000000e5e00000)
  to   space 10752K, 0% used [0x00000000e5e00000,0x00000000e5e00000,0x00000000e6880000)
 ParOldGen       total 100864K, used 14671K [0x0000000080000000, 0x0000000086280000, 0x00000000d5580000)
  object space 100864K, 14% used [0x0000000080000000,0x0000000080e53f10,0x0000000086280000)
 Metaspace       used 34562K, capacity 35410K, committed 35496K, reserved 1079296K
  class space    used 4744K, capacity 4972K, committed 5040K, reserved 1048576K
Event: 4.232 GC heap after
Heap after GC invocations=7 (full 2):
 PSYoungGen      total 227840K, used 0K [0x00000000d5580000, 0x00000000e6880000, 0x0000000100000000)
  eden space 217088K, 0% used [0x00000000d5580000,0x00000000d5580000,0x00000000e2980000)
  from space 10752K, 0% used [0x00000000e5380000,0x00000000e5380000,0x00000000e5e00000)
  to   space 10752K, 0% used [0x00000000e5e00000,0x00000000e5e00000,0x00000000e6880000)
 ParOldGen       total 155648K, used 15617K [0x0000000080000000, 0x0000000089800000, 0x00000000d5580000)
  object space 155648K, 10% used [0x0000000080000000,0x0000000080f40490,0x0000000089800000)
 Metaspace       used 34562K, capacity 35410K, committed 35496K, reserved 1079296K
  class space    used 4744K, capacity 4972K, committed 5040K, reserved 1048576K
}

