# JRE version: OpenJDK Runtime Environment (8.0_242-b01) (build 1.8.0_242-release-1644-b01)
# Java VM: OpenJDK 64-Bit Server VM (25.242-b01 mixed mode windows-amd64 compressed oops)
Heap:
 PSYoungGen      total 447488K, used 25932K [0x00000000d5580000, 0x00000000f4000000, 0x0000000100000000)
  eden space 415232K, 6% used [0x00000000d5580000,0x00000000d6ed31b8,0x00000000eeb00000)
  from space 32256K, 0% used [0x00000000f0100000,0x00000000f0100000,0x00000000f2080000)
  to   space 26624K, 0% used [0x00000000f2600000,0x00000000f2600000,0x00000000f4000000)
 ParOldGen       total 246272K, used 70751K [0x0000000080000000, 0x000000008f080000, 0x00000000d5580000)
  object space 246272K, 28% used [0x0000000080000000,0x0000000084517d18,0x000000008f080000)
 Metaspace       used 87728K, capacity 91298K, committed 91952K, reserved 1130496K
  class space    used 11432K, capacity 12189K, committed 12336K, reserved 1048576K
GC Heap History (10 events):
Event: 8.534 GC heap before
{Heap before GC invocations=9 (full 2):
 PSYoungGen      total 342528K, used 76467K [0x00000000d5580000, 0x00000000edc80000, 0x0000000100000000)
  eden space 326656K, 18% used [0x00000000d5580000,0x00000000d90ae9a8,0x00000000e9480000)
  from space 15872K, 99% used [0x00000000eac00000,0x00000000ebb7e3f8,0x00000000ebb80000)
  to   space 24064K, 0% used [0x00000000e9480000,0x00000000e9480000,0x00000000eac00000)
 ParOldGen       total 163328K, used 25710K [0x0000000080000000, 0x0000000089f80000, 0x00000000d5580000)
  object space 163328K, 15% used [0x0000000080000000,0x000000008191b908,0x0000000089f80000)
 Metaspace       used 56932K, capacity 59068K, committed 59160K, reserved 1099776K
  class space    used 7605K, capacity 8062K, committed 8112K, reserved 1048576K
Event: 8.552 GC heap after
Heap after GC invocations=9 (full 2):
 PSYoungGen      total 350720K, used 20499K [0x00000000d5580000, 0x00000000f4000000, 0x0000000100000000)
  eden space 326656K, 0% used [0x00000000d5580000,0x00000000d5580000,0x00000000e9480000)
  from space 24064K, 85% used [0x00000000e9480000,0x00000000ea884f60,0x00000000eac00000)
  to   space 26624K, 0% used [0x00000000f2600000,0x00000000f2600000,0x00000000f4000000)
 ParOldGen       total 163328K, used 25782K [0x0000000080000000, 0x0000000089f80000, 0x00000000d5580000)
  object space 163328K, 15% used [0x0000000080000000,0x000000008192d918,0x0000000089f80000)
 Metaspace       used 56932K, capacity 59068K, committed 59160K, reserved 1099776K
  class space    used 7605K, capacity 8062K, committed 8112K, reserved 1048576K
}
Event: 8.552 GC heap before
{Heap before GC invocations=10 (full 3):
 PSYoungGen      total 350720K, used 20499K [0x00000000d5580000, 0x00000000f4000000, 0x0000000100000000)
  eden space 326656K, 0% used [0x00000000d5580000,0x00000000d5580000,0x00000000e9480000)
  from space 24064K, 85% used [0x00000000e9480000,0x00000000ea884f60,0x00000000eac00000)
  to   space 26624K, 0% used [0x00000000f2600000,0x00000000f2600000,0x00000000f4000000)
 ParOldGen       total 163328K, used 25782K [0x0000000080000000, 0x0000000089f80000, 0x00000000d5580000)
  object space 163328K, 15% used [0x0000000080000000,0x000000008192d918,0x0000000089f80000)
 Metaspace       used 56932K, capacity 59068K, committed 59160K, reserved 1099776K
  class space    used 7605K, capacity 8062K, committed 8112K, reserved 1048576K
Event: 8.804 GC heap after
Heap after GC invocations=10 (full 3):
 PSYoungGen      total 350720K, used 0K [0x00000000d5580000, 0x00000000f4000000, 0x0000000100000000)
  eden space 326656K, 0% used [0x00000000d5580000,0x00000000d5580000,0x00000000e9480000)
  from space 24064K, 0% used [0x00000000e9480000,0x00000000e9480000,0x00000000eac00000)
  to   space 26624K, 0% used [0x00000000f2600000,0x00000000f2600000,0x00000000f4000000)
 ParOldGen       total 246272K, used 33751K [0x0000000080000000, 0x000000008f080000, 0x00000000d5580000)
  object space 246272K, 13% used [0x0000000080000000,0x00000000820f5f60,0x000000008f080000)
 Metaspace       used 56835K, capacity 58766K, committed 59160K, reserved 1099776K
  class space    used 7580K, capacity 8025K, committed 8112K, reserved 1048576K
}
Event: 13.070 GC heap before
{Heap before GC invocations=11 (full 3):
 PSYoungGen      total 350720K, used 326656K [0x00000000d5580000, 0x00000000f4000000, 0x0000000100000000)
  eden space 326656K, 100% used [0x00000000d5580000,0x00000000e9480000,0x00000000e9480000)
  from space 24064K, 0% used [0x00000000e9480000,0x00000000e9480000,0x00000000eac00000)
  to   space 26624K, 0% used [0x00000000f2600000,0x00000000f2600000,0x00000000f4000000)
 ParOldGen       total 246272K, used 33751K [0x0000000080000000, 0x000000008f080000, 0x00000000d5580000)
  object space 246272K, 13% used [0x0000000080000000,0x00000000820f5f60,0x000000008f080000)
 Metaspace       used 74710K, capacity 78046K, committed 78128K, reserved 1116160K
  class space    used 10120K, capacity 10797K, committed 10800K, reserved 1048576K
Event: 13.088 GC heap after
Heap after GC invocations=11 (full 3):
 PSYoungGen      total 441856K, used 26597K [0x00000000d5580000, 0x00000000f4000000, 0x0000000100000000)
  eden space 415232K, 0% used [0x00000000d5580000,0x00000000d5580000,0x00000000eeb00000)
  from space 26624K, 99% used [0x00000000f2600000,0x00000000f3ff9510,0x00000000f4000000)
  to   space 32256K, 0% used [0x00000000f0100000,0x00000000f0100000,0x00000000f2080000)
 ParOldGen       total 246272K, used 36850K [0x0000000080000000, 0x000000008f080000, 0x00000000d5580000)
  object space 246272K, 14% used [0x0000000080000000,0x00000000823fca80,0x000000008f080000)
 Metaspace       used 74710K, capacity 78046K, committed 78128K, reserved 1116160K
  class space    used 10120K, capacity 10797K, committed 10800K, reserved 1048576K
}
Event: 1328.619 GC heap before
{Heap before GC invocations=12 (full 3):
 PSYoungGen      total 441856K, used 389910K [0x00000000d5580000, 0x00000000f4000000, 0x0000000100000000)
  eden space 415232K, 87% used [0x00000000d5580000,0x00000000eb84c4e0,0x00000000eeb00000)
  from space 26624K, 99% used [0x00000000f2600000,0x00000000f3ff9510,0x00000000f4000000)
  to   space 32256K, 0% used [0x00000000f0100000,0x00000000f0100000,0x00000000f2080000)
 ParOldGen       total 246272K, used 36850K [0x0000000080000000, 0x000000008f080000, 0x00000000d5580000)
  object space 246272K, 14% used [0x0000000080000000,0x00000000823fca80,0x000000008f080000)
 Metaspace       used 87427K, capacity 91358K, committed 91440K, reserved 1132544K
  class space    used 11425K, capacity 12257K, committed 12336K, reserved 1048576K
Event: 1328.661 GC heap after
Heap after GC invocations=12 (full 3):
 PSYoungGen      total 447488K, used 32230K [0x00000000d5580000, 0x00000000f4000000, 0x0000000100000000)
  eden space 415232K, 0% used [0x00000000d5580000,0x00000000d5580000,0x00000000eeb00000)
  from space 32256K, 99% used [0x00000000f0100000,0x00000000f2079840,0x00000000f2080000)
  to   space 26624K, 0% used [0x00000000f2600000,0x00000000f2600000,0x00000000f4000000)
 ParOldGen       total 246272K, used 51500K [0x0000000080000000, 0x000000008f080000, 0x00000000d5580000)
  object space 246272K, 20% used [0x0000000080000000,0x000000008324b158,0x000000008f080000)
 Metaspace       used 87427K, capacity 91358K, committed 91440K, reserved 1132544K
  class space    used 11425K, capacity 12257K, committed 12336K, reserved 1048576K
}
Event: 1328.661 GC heap before
{Heap before GC invocations=13 (full 4):
 PSYoungGen      total 447488K, used 32230K [0x00000000d5580000, 0x00000000f4000000, 0x0000000100000000)
  eden space 415232K, 0% used [0x00000000d5580000,0x00000000d5580000,0x00000000eeb00000)
  from space 32256K, 99% used [0x00000000f0100000,0x00000000f2079840,0x00000000f2080000)
  to   space 26624K, 0% used [0x00000000f2600000,0x00000000f2600000,0x00000000f4000000)
 ParOldGen       total 246272K, used 51500K [0x0000000080000000, 0x000000008f080000, 0x00000000d5580000)
  object space 246272K, 20% used [0x0000000080000000,0x000000008324b158,0x000000008f080000)
 Metaspace       used 87427K, capacity 91358K, committed 91440K, reserved 1132544K
  class space    used 11425K, capacity 12257K, committed 12336K, reserved 1048576K
Event: 1328.912 GC heap after
Heap after GC invocations=13 (full 4):
 PSYoungGen      total 447488K, used 0K [0x00000000d5580000, 0x00000000f4000000, 0x0000000100000000)
  eden space 415232K, 0% used [0x00000000d5580000,0x00000000d5580000,0x00000000eeb00000)
  from space 32256K, 0% used [0x00000000f0100000,0x00000000f0100000,0x00000000f2080000)
  to   space 26624K, 0% used [0x00000000f2600000,0x00000000f2600000,0x00000000f4000000)
 ParOldGen       total 246272K, used 70751K [0x0000000080000000, 0x000000008f080000, 0x00000000d5580000)
  object space 246272K, 28% used [0x0000000080000000,0x0000000084517d18,0x000000008f080000)
 Metaspace       used 87239K, capacity 90800K, committed 91440K, reserved 1130496K
  class space    used 11366K, capacity 12152K, committed 12336K, reserved 1048576K
}

