# JRE version: OpenJDK Runtime Environment (8.0_242-b01) (build 1.8.0_242-release-1644-b01)
# Java VM: OpenJDK 64-Bit Server VM (25.242-b01 mixed mode windows-amd64 compressed oops)
Heap:
 PSYoungGen      total 321536K, used 89424K [0x00000000d5580000, 0x00000000ead00000, 0x0000000100000000)
  eden space 297984K, 22% used [0x00000000d5580000,0x00000000d95d5d58,0x00000000e7880000)
  from space 23552K, 99% used [0x00000000e7880000,0x00000000e8f7e678,0x00000000e8f80000)
  to   space 21504K, 0% used [0x00000000e8f80000,0x00000000e8f80000,0x00000000ea480000)
 ParOldGen       total 221184K, used 34510K [0x0000000080000000, 0x000000008d800000, 0x00000000d5580000)
  object space 221184K, 15% used [0x0000000080000000,0x00000000821b3a78,0x000000008d800000)
 Metaspace       used 73735K, capacity 76978K, committed 77336K, reserved 1116160K
  class space    used 10021K, capacity 10688K, committed 10792K, reserved 1048576K
GC Heap History (10 events):
Event: 4.411 GC heap before
{Heap before GC invocations=8 (full 2):
 PSYoungGen      total 222720K, used 10253K [0x00000000d5580000, 0x00000000e4280000, 0x0000000100000000)
  eden space 211968K, 0% used [0x00000000d5580000,0x00000000d5580000,0x00000000e2480000)
  from space 10752K, 95% used [0x00000000e3800000,0x00000000e42034c0,0x00000000e4280000)
  to   space 14848K, 0% used [0x00000000e2580000,0x00000000e2580000,0x00000000e3400000)
 ParOldGen       total 97280K, used 9818K [0x0000000080000000, 0x0000000085f00000, 0x00000000d5580000)
  object space 97280K, 10% used [0x0000000080000000,0x0000000080996b18,0x0000000085f00000)
 Metaspace       used 34446K, capacity 35426K, committed 35496K, reserved 1079296K
  class space    used 4689K, capacity 4976K, committed 5032K, reserved 1048576K
Event: 4.485 GC heap after
Heap after GC invocations=8 (full 2):
 PSYoungGen      total 222720K, used 0K [0x00000000d5580000, 0x00000000e4280000, 0x0000000100000000)
  eden space 211968K, 0% used [0x00000000d5580000,0x00000000d5580000,0x00000000e2480000)
  from space 10752K, 0% used [0x00000000e3800000,0x00000000e3800000,0x00000000e4280000)
  to   space 14848K, 0% used [0x00000000e2580000,0x00000000e2580000,0x00000000e3400000)
 ParOldGen       total 150528K, used 17525K [0x0000000080000000, 0x0000000089300000, 0x00000000d5580000)
  object space 150528K, 11% used [0x0000000080000000,0x000000008111d498,0x0000000089300000)
 Metaspace       used 34446K, capacity 35426K, committed 35496K, reserved 1079296K
  class space    used 4689K, capacity 4976K, committed 5032K, reserved 1048576K
}
Event: 6.796 GC heap before
{Heap before GC invocations=9 (full 2):
 PSYoungGen      total 222720K, used 211968K [0x00000000d5580000, 0x00000000e4280000, 0x0000000100000000)
  eden space 211968K, 100% used [0x00000000d5580000,0x00000000e2480000,0x00000000e2480000)
  from space 10752K, 0% used [0x00000000e3800000,0x00000000e3800000,0x00000000e4280000)
  to   space 14848K, 0% used [0x00000000e2580000,0x00000000e2580000,0x00000000e3400000)
 ParOldGen       total 150528K, used 17525K [0x0000000080000000, 0x0000000089300000, 0x00000000d5580000)
  object space 150528K, 11% used [0x0000000080000000,0x000000008111d498,0x0000000089300000)
 Metaspace       used 50901K, capacity 52626K, committed 53032K, reserved 1095680K
  class space    used 6771K, capacity 7152K, committed 7208K, reserved 1048576K
Event: 6.813 GC heap after
Heap after GC invocations=9 (full 2):
 PSYoungGen      total 227840K, used 14847K [0x00000000d5580000, 0x00000000ea480000, 0x0000000100000000)
  eden space 212992K, 0% used [0x00000000d5580000,0x00000000d5580000,0x00000000e2580000)
  from space 14848K, 99% used [0x00000000e2580000,0x00000000e33ffee0,0x00000000e3400000)
  to   space 21504K, 0% used [0x00000000e8f80000,0x00000000e8f80000,0x00000000ea480000)
 ParOldGen       total 150528K, used 27073K [0x0000000080000000, 0x0000000089300000, 0x00000000d5580000)
  object space 150528K, 17% used [0x0000000080000000,0x0000000081a70738,0x0000000089300000)
 Metaspace       used 50901K, capacity 52626K, committed 53032K, reserved 1095680K
  class space    used 6771K, capacity 7152K, committed 7208K, reserved 1048576K
}
Event: 7.543 GC heap before
{Heap before GC invocations=10 (full 2):
 PSYoungGen      total 227840K, used 81557K [0x00000000d5580000, 0x00000000ea480000, 0x0000000100000000)
  eden space 212992K, 31% used [0x00000000d5580000,0x00000000d96a56d0,0x00000000e2580000)
  from space 14848K, 99% used [0x00000000e2580000,0x00000000e33ffee0,0x00000000e3400000)
  to   space 21504K, 0% used [0x00000000e8f80000,0x00000000e8f80000,0x00000000ea480000)
 ParOldGen       total 150528K, used 27073K [0x0000000080000000, 0x0000000089300000, 0x00000000d5580000)
  object space 150528K, 17% used [0x0000000080000000,0x0000000081a70738,0x0000000089300000)
 Metaspace       used 57012K, capacity 59080K, committed 59160K, reserved 1099776K
  class space    used 7654K, capacity 8152K, committed 8232K, reserved 1048576K
Event: 7.563 GC heap after
Heap after GC invocations=10 (full 2):
 PSYoungGen      total 319488K, used 19238K [0x00000000d5580000, 0x00000000ead00000, 0x0000000100000000)
  eden space 297984K, 0% used [0x00000000d5580000,0x00000000d5580000,0x00000000e7880000)
  from space 21504K, 89% used [0x00000000e8f80000,0x00000000ea2499c8,0x00000000ea480000)
  to   space 23552K, 0% used [0x00000000e7880000,0x00000000e7880000,0x00000000e8f80000)
 ParOldGen       total 150528K, used 27145K [0x0000000080000000, 0x0000000089300000, 0x00000000d5580000)
  object space 150528K, 18% used [0x0000000080000000,0x0000000081a82748,0x0000000089300000)
 Metaspace       used 57012K, capacity 59080K, committed 59160K, reserved 1099776K
  class space    used 7654K, capacity 8152K, committed 8232K, reserved 1048576K
}
Event: 7.563 GC heap before
{Heap before GC invocations=11 (full 3):
 PSYoungGen      total 319488K, used 19238K [0x00000000d5580000, 0x00000000ead00000, 0x0000000100000000)
  eden space 297984K, 0% used [0x00000000d5580000,0x00000000d5580000,0x00000000e7880000)
  from space 21504K, 89% used [0x00000000e8f80000,0x00000000ea2499c8,0x00000000ea480000)
  to   space 23552K, 0% used [0x00000000e7880000,0x00000000e7880000,0x00000000e8f80000)
 ParOldGen       total 150528K, used 27145K [0x0000000080000000, 0x0000000089300000, 0x00000000d5580000)
  object space 150528K, 18% used [0x0000000080000000,0x0000000081a82748,0x0000000089300000)
 Metaspace       used 57012K, capacity 59080K, committed 59160K, reserved 1099776K
  class space    used 7654K, capacity 8152K, committed 8232K, reserved 1048576K
Event: 7.796 GC heap after
Heap after GC invocations=11 (full 3):
 PSYoungGen      total 319488K, used 0K [0x00000000d5580000, 0x00000000ead00000, 0x0000000100000000)
  eden space 297984K, 0% used [0x00000000d5580000,0x00000000d5580000,0x00000000e7880000)
  from space 21504K, 0% used [0x00000000e8f80000,0x00000000e8f80000,0x00000000ea480000)
  to   space 23552K, 0% used [0x00000000e7880000,0x00000000e7880000,0x00000000e8f80000)
 ParOldGen       total 221184K, used 34300K [0x0000000080000000, 0x000000008d800000, 0x00000000d5580000)
  object space 221184K, 15% used [0x0000000080000000,0x000000008217f120,0x000000008d800000)
 Metaspace       used 56959K, capacity 58902K, committed 59160K, reserved 1099776K
  class space    used 7639K, capacity 8129K, committed 8232K, reserved 1048576K
}
Event: 11.091 GC heap before
{Heap before GC invocations=12 (full 3):
 PSYoungGen      total 319488K, used 297984K [0x00000000d5580000, 0x00000000ead00000, 0x0000000100000000)
  eden space 297984K, 100% used [0x00000000d5580000,0x00000000e7880000,0x00000000e7880000)
  from space 21504K, 0% used [0x00000000e8f80000,0x00000000e8f80000,0x00000000ea480000)
  to   space 23552K, 0% used [0x00000000e7880000,0x00000000e7880000,0x00000000e8f80000)
 ParOldGen       total 221184K, used 34300K [0x0000000080000000, 0x000000008d800000, 0x00000000d5580000)
  object space 221184K, 15% used [0x0000000080000000,0x000000008217f120,0x000000008d800000)
 Metaspace       used 70931K, capacity 74144K, committed 74520K, reserved 1114112K
  class space    used 9725K, capacity 10412K, committed 10536K, reserved 1048576K
Event: 11.118 GC heap after
Heap after GC invocations=12 (full 3):
 PSYoungGen      total 321536K, used 23545K [0x00000000d5580000, 0x00000000ead00000, 0x0000000100000000)
  eden space 297984K, 0% used [0x00000000d5580000,0x00000000d5580000,0x00000000e7880000)
  from space 23552K, 99% used [0x00000000e7880000,0x00000000e8f7e678,0x00000000e8f80000)
  to   space 21504K, 0% used [0x00000000e8f80000,0x00000000e8f80000,0x00000000ea480000)
 ParOldGen       total 221184K, used 34510K [0x0000000080000000, 0x000000008d800000, 0x00000000d5580000)
  object space 221184K, 15% used [0x0000000080000000,0x00000000821b3a78,0x000000008d800000)
 Metaspace       used 70931K, capacity 74144K, committed 74520K, reserved 1114112K
  class space    used 9725K, capacity 10412K, committed 10536K, reserved 1048576K
}

