# JRE version: OpenJDK Runtime Environment (8.0_242-b01) (build 1.8.0_242-release-1644-b01)
# Java VM: OpenJDK 64-Bit Server VM (25.242-b01 mixed mode windows-amd64 compressed oops)
Heap:
 PSYoungGen      total 360448K, used 242285K [0x00000000d5580000, 0x00000000f7a00000, 0x0000000100000000)
  eden space 333824K, 72% used [0x00000000d5580000,0x00000000e421b720,0x00000000e9b80000)
  from space 26624K, 0% used [0x00000000e9b80000,0x00000000e9b80000,0x00000000eb580000)
  to   space 26112K, 0% used [0x00000000f6080000,0x00000000f6080000,0x00000000f7a00000)
 ParOldGen       total 160256K, used 29774K [0x0000000080000000, 0x0000000089c80000, 0x00000000d5580000)
  object space 160256K, 18% used [0x0000000080000000,0x0000000081d138f0,0x0000000089c80000)
 Metaspace       used 63081K, capacity 66459K, committed 66728K, reserved 1105920K
  class space    used 8702K, capacity 9353K, committed 9392K, reserved 1048576K
GC Heap History (10 events):
Event: 4.456 GC heap before
{Heap before GC invocations=6 (full 1):
 PSYoungGen      total 222720K, used 65458K [0x00000000d5580000, 0x00000000e6880000, 0x0000000100000000)
  eden space 211968K, 25% used [0x00000000d5580000,0x00000000d8af4038,0x00000000e2480000)
  from space 10752K, 99% used [0x00000000e5e00000,0x00000000e6878898,0x00000000e6880000)
  to   space 10752K, 0% used [0x00000000e5380000,0x00000000e5380000,0x00000000e5e00000)
 ParOldGen       total 101376K, used 14539K [0x0000000080000000, 0x0000000086300000, 0x00000000d5580000)
  object space 101376K, 14% used [0x0000000080000000,0x0000000080e32c20,0x0000000086300000)
 Metaspace       used 34576K, capacity 35410K, committed 35496K, reserved 1079296K
  class space    used 4746K, capacity 4972K, committed 5040K, reserved 1048576K
Event: 4.463 GC heap after
Heap after GC invocations=6 (full 1):
 PSYoungGen      total 270848K, used 9087K [0x00000000d5580000, 0x00000000ec480000, 0x0000000100000000)
  eden space 260096K, 0% used [0x00000000d5580000,0x00000000d5580000,0x00000000e5380000)
  from space 10752K, 84% used [0x00000000e5380000,0x00000000e5c5fe28,0x00000000e5e00000)
  to   space 15360K, 0% used [0x00000000eb580000,0x00000000eb580000,0x00000000ec480000)
 ParOldGen       total 101376K, used 14547K [0x0000000080000000, 0x0000000086300000, 0x00000000d5580000)
  object space 101376K, 14% used [0x0000000080000000,0x0000000080e34c20,0x0000000086300000)
 Metaspace       used 34576K, capacity 35410K, committed 35496K, reserved 1079296K
  class space    used 4746K, capacity 4972K, committed 5040K, reserved 1048576K
}
Event: 4.463 GC heap before
{Heap before GC invocations=7 (full 2):
 PSYoungGen      total 270848K, used 9087K [0x00000000d5580000, 0x00000000ec480000, 0x0000000100000000)
  eden space 260096K, 0% used [0x00000000d5580000,0x00000000d5580000,0x00000000e5380000)
  from space 10752K, 84% used [0x00000000e5380000,0x00000000e5c5fe28,0x00000000e5e00000)
  to   space 15360K, 0% used [0x00000000eb580000,0x00000000eb580000,0x00000000ec480000)
 ParOldGen       total 101376K, used 14547K [0x0000000080000000, 0x0000000086300000, 0x00000000d5580000)
  object space 101376K, 14% used [0x0000000080000000,0x0000000080e34c20,0x0000000086300000)
 Metaspace       used 34576K, capacity 35410K, committed 35496K, reserved 1079296K
  class space    used 4746K, capacity 4972K, committed 5040K, reserved 1048576K
Event: 4.530 GC heap after
Heap after GC invocations=7 (full 2):
 PSYoungGen      total 270848K, used 0K [0x00000000d5580000, 0x00000000ec480000, 0x0000000100000000)
  eden space 260096K, 0% used [0x00000000d5580000,0x00000000d5580000,0x00000000e5380000)
  from space 10752K, 0% used [0x00000000e5380000,0x00000000e5380000,0x00000000e5e00000)
  to   space 15360K, 0% used [0x00000000eb580000,0x00000000eb580000,0x00000000ec480000)
 ParOldGen       total 160256K, used 15695K [0x0000000080000000, 0x0000000089c80000, 0x00000000d5580000)
  object space 160256K, 9% used [0x0000000080000000,0x0000000080f53c78,0x0000000089c80000)
 Metaspace       used 34576K, capacity 35410K, committed 35496K, reserved 1079296K
  class space    used 4746K, capacity 4972K, committed 5040K, reserved 1048576K
}
Event: 7.592 GC heap before
{Heap before GC invocations=8 (full 2):
 PSYoungGen      total 270848K, used 260096K [0x00000000d5580000, 0x00000000ec480000, 0x0000000100000000)
  eden space 260096K, 100% used [0x00000000d5580000,0x00000000e5380000,0x00000000e5380000)
  from space 10752K, 0% used [0x00000000e5380000,0x00000000e5380000,0x00000000e5e00000)
  to   space 15360K, 0% used [0x00000000eb580000,0x00000000eb580000,0x00000000ec480000)
 ParOldGen       total 160256K, used 15695K [0x0000000080000000, 0x0000000089c80000, 0x00000000d5580000)
  object space 160256K, 9% used [0x0000000080000000,0x0000000080f53c78,0x0000000089c80000)
 Metaspace       used 56008K, capacity 58044K, committed 58152K, reserved 1099776K
  class space    used 7689K, capacity 8167K, committed 8240K, reserved 1048576K
Event: 7.621 GC heap after
Heap after GC invocations=8 (full 2):
 PSYoungGen      total 349184K, used 15356K [0x00000000d5580000, 0x00000000ee280000, 0x0000000100000000)
  eden space 333824K, 0% used [0x00000000d5580000,0x00000000d5580000,0x00000000e9b80000)
  from space 15360K, 99% used [0x00000000eb580000,0x00000000ec47f300,0x00000000ec480000)
  to   space 26624K, 0% used [0x00000000e9b80000,0x00000000e9b80000,0x00000000eb580000)
 ParOldGen       total 160256K, used 31196K [0x0000000080000000, 0x0000000089c80000, 0x00000000d5580000)
  object space 160256K, 19% used [0x0000000080000000,0x0000000081e773f0,0x0000000089c80000)
 Metaspace       used 56008K, capacity 58044K, committed 58152K, reserved 1099776K
  class space    used 7689K, capacity 8167K, committed 8240K, reserved 1048576K
}
Event: 7.770 GC heap before
{Heap before GC invocations=9 (full 2):
 PSYoungGen      total 349184K, used 33059K [0x00000000d5580000, 0x00000000ee280000, 0x0000000100000000)
  eden space 333824K, 5% used [0x00000000d5580000,0x00000000d66c9b00,0x00000000e9b80000)
  from space 15360K, 99% used [0x00000000eb580000,0x00000000ec47f300,0x00000000ec480000)
  to   space 26624K, 0% used [0x00000000e9b80000,0x00000000e9b80000,0x00000000eb580000)
 ParOldGen       total 160256K, used 31196K [0x0000000080000000, 0x0000000089c80000, 0x00000000d5580000)
  object space 160256K, 19% used [0x0000000080000000,0x0000000081e773f0,0x0000000089c80000)
 Metaspace       used 57035K, capacity 59075K, committed 59160K, reserved 1099776K
  class space    used 7823K, capacity 8283K, committed 8368K, reserved 1048576K
Event: 7.781 GC heap after
Heap after GC invocations=9 (full 2):
 PSYoungGen      total 360448K, used 16525K [0x00000000d5580000, 0x00000000f7a00000, 0x0000000100000000)
  eden space 333824K, 0% used [0x00000000d5580000,0x00000000d5580000,0x00000000e9b80000)
  from space 26624K, 62% used [0x00000000e9b80000,0x00000000eaba35c8,0x00000000eb580000)
  to   space 26112K, 0% used [0x00000000f6080000,0x00000000f6080000,0x00000000f7a00000)
 ParOldGen       total 160256K, used 31204K [0x0000000080000000, 0x0000000089c80000, 0x00000000d5580000)
  object space 160256K, 19% used [0x0000000080000000,0x0000000081e793f0,0x0000000089c80000)
 Metaspace       used 57035K, capacity 59075K, committed 59160K, reserved 1099776K
  class space    used 7823K, capacity 8283K, committed 8368K, reserved 1048576K
}
Event: 7.781 GC heap before
{Heap before GC invocations=10 (full 3):
 PSYoungGen      total 360448K, used 16525K [0x00000000d5580000, 0x00000000f7a00000, 0x0000000100000000)
  eden space 333824K, 0% used [0x00000000d5580000,0x00000000d5580000,0x00000000e9b80000)
  from space 26624K, 62% used [0x00000000e9b80000,0x00000000eaba35c8,0x00000000eb580000)
  to   space 26112K, 0% used [0x00000000f6080000,0x00000000f6080000,0x00000000f7a00000)
 ParOldGen       total 160256K, used 31204K [0x0000000080000000, 0x0000000089c80000, 0x00000000d5580000)
  object space 160256K, 19% used [0x0000000080000000,0x0000000081e793f0,0x0000000089c80000)
 Metaspace       used 57035K, capacity 59075K, committed 59160K, reserved 1099776K
  class space    used 7823K, capacity 8283K, committed 8368K, reserved 1048576K
Event: 8.029 GC heap after
Heap after GC invocations=10 (full 3):
 PSYoungGen      total 360448K, used 0K [0x00000000d5580000, 0x00000000f7a00000, 0x0000000100000000)
  eden space 333824K, 0% used [0x00000000d5580000,0x00000000d5580000,0x00000000e9b80000)
  from space 26624K, 0% used [0x00000000e9b80000,0x00000000e9b80000,0x00000000eb580000)
  to   space 26112K, 0% used [0x00000000f6080000,0x00000000f6080000,0x00000000f7a00000)
 ParOldGen       total 160256K, used 29774K [0x0000000080000000, 0x0000000089c80000, 0x00000000d5580000)
  object space 160256K, 18% used [0x0000000080000000,0x0000000081d138f0,0x0000000089c80000)
 Metaspace       used 57012K, capacity 58997K, committed 59160K, reserved 1099776K
  class space    used 7816K, capacity 8270K, committed 8368K, reserved 1048576K
}

