# JRE version: OpenJDK Runtime Environment (8.0_242-b01) (build 1.8.0_242-release-1644-b01)
# Java VM: OpenJDK 64-Bit Server VM (25.242-b01 mixed mode windows-amd64 compressed oops)
Heap:
 PSYoungGen      total 140800K, used 76842K [0x00000000d5580000, 0x00000000de980000, 0x0000000100000000)
  eden space 130048K, 51% used [0x00000000d5580000,0x00000000d9688ee8,0x00000000dd480000)
  from space 10752K, 95% used [0x00000000dd480000,0x00000000dde81928,0x00000000ddf00000)
  to   space 10752K, 0% used [0x00000000ddf00000,0x00000000ddf00000,0x00000000de980000)
 ParOldGen       total 126464K, used 14689K [0x0000000080000000, 0x0000000087b80000, 0x00000000d5580000)
  object space 126464K, 11% used [0x0000000080000000,0x0000000080e585c0,0x0000000087b80000)
 Metaspace       used 46634K, capacity 48575K, committed 48808K, reserved 1091584K
  class space    used 6174K, capacity 6543K, committed 6568K, reserved 1048576K
GC Heap History (10 events):
Event: 2.796 GC heap before
{Heap before GC invocations=5 (full 1):
 PSYoungGen      total 140800K, used 7552K [0x00000000d5580000, 0x00000000de980000, 0x0000000100000000)
  eden space 130048K, 0% used [0x00000000d5580000,0x00000000d5580000,0x00000000dd480000)
  from space 10752K, 70% used [0x00000000ddf00000,0x00000000de660030,0x00000000de980000)
  to   space 10752K, 0% used [0x00000000dd480000,0x00000000dd480000,0x00000000ddf00000)
 ParOldGen       total 173568K, used 936K [0x0000000080000000, 0x000000008a980000, 0x00000000d5580000)
  object space 173568K, 0% used [0x0000000080000000,0x00000000800ea3b0,0x000000008a980000)
 Metaspace       used 20537K, capacity 21256K, committed 21296K, reserved 1067008K
  class space    used 2868K, capacity 3044K, committed 3072K, reserved 1048576K
Event: 2.824 GC heap after
Heap after GC invocations=5 (full 1):
 PSYoungGen      total 140800K, used 0K [0x00000000d5580000, 0x00000000de980000, 0x0000000100000000)
  eden space 130048K, 0% used [0x00000000d5580000,0x00000000d5580000,0x00000000dd480000)
  from space 10752K, 0% used [0x00000000ddf00000,0x00000000ddf00000,0x00000000de980000)
  to   space 10752K, 0% used [0x00000000dd480000,0x00000000dd480000,0x00000000ddf00000)
 ParOldGen       total 84480K, used 7322K [0x0000000080000000, 0x0000000085280000, 0x00000000d5580000)
  object space 84480K, 8% used [0x0000000080000000,0x0000000080726a08,0x0000000085280000)
 Metaspace       used 20537K, capacity 21256K, committed 21296K, reserved 1067008K
  class space    used 2868K, capacity 3044K, committed 3072K, reserved 1048576K
}
Event: 3.853 GC heap before
{Heap before GC invocations=6 (full 1):
 PSYoungGen      total 140800K, used 130048K [0x00000000d5580000, 0x00000000de980000, 0x0000000100000000)
  eden space 130048K, 100% used [0x00000000d5580000,0x00000000dd480000,0x00000000dd480000)
  from space 10752K, 0% used [0x00000000ddf00000,0x00000000ddf00000,0x00000000de980000)
  to   space 10752K, 0% used [0x00000000dd480000,0x00000000dd480000,0x00000000ddf00000)
 ParOldGen       total 84480K, used 7322K [0x0000000080000000, 0x0000000085280000, 0x00000000d5580000)
  object space 84480K, 8% used [0x0000000080000000,0x0000000080726a08,0x0000000085280000)
 Metaspace       used 32851K, capacity 34000K, committed 34304K, reserved 1079296K
  class space    used 4478K, capacity 4752K, committed 4864K, reserved 1048576K
Event: 3.866 GC heap after
Heap after GC invocations=6 (full 1):
 PSYoungGen      total 140800K, used 10749K [0x00000000d5580000, 0x00000000de980000, 0x0000000100000000)
  eden space 130048K, 0% used [0x00000000d5580000,0x00000000d5580000,0x00000000dd480000)
  from space 10752K, 99% used [0x00000000dd480000,0x00000000ddeff570,0x00000000ddf00000)
  to   space 10752K, 0% used [0x00000000ddf00000,0x00000000ddf00000,0x00000000de980000)
 ParOldGen       total 84480K, used 10434K [0x0000000080000000, 0x0000000085280000, 0x00000000d5580000)
  object space 84480K, 12% used [0x0000000080000000,0x0000000080a309e0,0x0000000085280000)
 Metaspace       used 32851K, capacity 34000K, committed 34304K, reserved 1079296K
  class space    used 4478K, capacity 4752K, committed 4864K, reserved 1048576K
}
Event: 4.108 GC heap before
{Heap before GC invocations=7 (full 1):
 PSYoungGen      total 140800K, used 44547K [0x00000000d5580000, 0x00000000de980000, 0x0000000100000000)
  eden space 130048K, 25% used [0x00000000d5580000,0x00000000d76818f8,0x00000000dd480000)
  from space 10752K, 99% used [0x00000000dd480000,0x00000000ddeff570,0x00000000ddf00000)
  to   space 10752K, 0% used [0x00000000ddf00000,0x00000000ddf00000,0x00000000de980000)
 ParOldGen       total 84480K, used 10434K [0x0000000080000000, 0x0000000085280000, 0x00000000d5580000)
  object space 84480K, 12% used [0x0000000080000000,0x0000000080a309e0,0x0000000085280000)
 Metaspace       used 34222K, capacity 35439K, committed 35496K, reserved 1079296K
  class space    used 4697K, capacity 5032K, committed 5032K, reserved 1048576K
Event: 4.114 GC heap after
Heap after GC invocations=7 (full 1):
 PSYoungGen      total 140800K, used 7955K [0x00000000d5580000, 0x00000000de980000, 0x0000000100000000)
  eden space 130048K, 0% used [0x00000000d5580000,0x00000000d5580000,0x00000000dd480000)
  from space 10752K, 73% used [0x00000000ddf00000,0x00000000de6c4d80,0x00000000de980000)
  to   space 10752K, 0% used [0x00000000dd480000,0x00000000dd480000,0x00000000ddf00000)
 ParOldGen       total 84480K, used 10442K [0x0000000080000000, 0x0000000085280000, 0x00000000d5580000)
  object space 84480K, 12% used [0x0000000080000000,0x0000000080a329e0,0x0000000085280000)
 Metaspace       used 34222K, capacity 35439K, committed 35496K, reserved 1079296K
  class space    used 4697K, capacity 5032K, committed 5032K, reserved 1048576K
}
Event: 4.114 GC heap before
{Heap before GC invocations=8 (full 2):
 PSYoungGen      total 140800K, used 7955K [0x00000000d5580000, 0x00000000de980000, 0x0000000100000000)
  eden space 130048K, 0% used [0x00000000d5580000,0x00000000d5580000,0x00000000dd480000)
  from space 10752K, 73% used [0x00000000ddf00000,0x00000000de6c4d80,0x00000000de980000)
  to   space 10752K, 0% used [0x00000000dd480000,0x00000000dd480000,0x00000000ddf00000)
 ParOldGen       total 84480K, used 10442K [0x0000000080000000, 0x0000000085280000, 0x00000000d5580000)
  object space 84480K, 12% used [0x0000000080000000,0x0000000080a329e0,0x0000000085280000)
 Metaspace       used 34222K, capacity 35439K, committed 35496K, reserved 1079296K
  class space    used 4697K, capacity 5032K, committed 5032K, reserved 1048576K
Event: 4.170 GC heap after
Heap after GC invocations=8 (full 2):
 PSYoungGen      total 140800K, used 0K [0x00000000d5580000, 0x00000000de980000, 0x0000000100000000)
  eden space 130048K, 0% used [0x00000000d5580000,0x00000000d5580000,0x00000000dd480000)
  from space 10752K, 0% used [0x00000000ddf00000,0x00000000ddf00000,0x00000000de980000)
  to   space 10752K, 0% used [0x00000000dd480000,0x00000000dd480000,0x00000000ddf00000)
 ParOldGen       total 126464K, used 14617K [0x0000000080000000, 0x0000000087b80000, 0x00000000d5580000)
  object space 126464K, 11% used [0x0000000080000000,0x0000000080e465b0,0x0000000087b80000)
 Metaspace       used 34222K, capacity 35439K, committed 35496K, reserved 1079296K
  class space    used 4697K, capacity 5032K, committed 5032K, reserved 1048576K
}
Event: 6.049 GC heap before
{Heap before GC invocations=9 (full 2):
 PSYoungGen      total 140800K, used 130048K [0x00000000d5580000, 0x00000000de980000, 0x0000000100000000)
  eden space 130048K, 100% used [0x00000000d5580000,0x00000000dd480000,0x00000000dd480000)
  from space 10752K, 0% used [0x00000000ddf00000,0x00000000ddf00000,0x00000000de980000)
  to   space 10752K, 0% used [0x00000000dd480000,0x00000000dd480000,0x00000000ddf00000)
 ParOldGen       total 126464K, used 14617K [0x0000000080000000, 0x0000000087b80000, 0x00000000d5580000)
  object space 126464K, 11% used [0x0000000080000000,0x0000000080e465b0,0x0000000087b80000)
 Metaspace       used 42573K, capacity 44371K, committed 44584K, reserved 1087488K
  class space    used 5731K, capacity 6103K, committed 6184K, reserved 1048576K
Event: 6.056 GC heap after
Heap after GC invocations=9 (full 2):
 PSYoungGen      total 140800K, used 10246K [0x00000000d5580000, 0x00000000de980000, 0x0000000100000000)
  eden space 130048K, 0% used [0x00000000d5580000,0x00000000d5580000,0x00000000dd480000)
  from space 10752K, 95% used [0x00000000dd480000,0x00000000dde81928,0x00000000ddf00000)
  to   space 10752K, 0% used [0x00000000ddf00000,0x00000000ddf00000,0x00000000de980000)
 ParOldGen       total 126464K, used 14689K [0x0000000080000000, 0x0000000087b80000, 0x00000000d5580000)
  object space 126464K, 11% used [0x0000000080000000,0x0000000080e585c0,0x0000000087b80000)
 Metaspace       used 42573K, capacity 44371K, committed 44584K, reserved 1087488K
  class space    used 5731K, capacity 6103K, committed 6184K, reserved 1048576K
}

