# JRE version: OpenJDK Runtime Environment (8.0_242-b01) (build 1.8.0_242-release-1644-b01)
# Java VM: OpenJDK 64-Bit Server VM (25.242-b01 mixed mode windows-amd64 compressed oops)
Heap:
 PSYoungGen      total 192512K, used 121766K [0x00000000d5580000, 0x00000000e3980000, 0x0000000100000000)
  eden space 180736K, 60% used [0x00000000d5580000,0x00000000dc0ee1a8,0x00000000e0600000)
  from space 11776K, 99% used [0x00000000e2e00000,0x00000000e397b800,0x00000000e3980000)
  to   space 15360K, 0% used [0x00000000e1b80000,0x00000000e1b80000,0x00000000e2a80000)
 ParOldGen       total 121344K, used 21826K [0x0000000080000000, 0x0000000087680000, 0x00000000d5580000)
  object space 121344K, 17% used [0x0000000080000000,0x0000000081550bc0,0x0000000087680000)
 Metaspace       used 53606K, capacity 55512K, committed 55720K, reserved 1097728K
  class space    used 7290K, capacity 7741K, committed 7856K, reserved 1048576K
GC Heap History (10 events):
Event: 3.788 GC heap before
{Heap before GC invocations=6 (full 1):
 PSYoungGen      total 75776K, used 65024K [0x00000000d5580000, 0x00000000de980000, 0x0000000100000000)
  eden space 65024K, 100% used [0x00000000d5580000,0x00000000d9500000,0x00000000d9500000)
  from space 10752K, 0% used [0x00000000d9f80000,0x00000000d9f80000,0x00000000daa00000)
  to   space 10752K, 0% used [0x00000000d9500000,0x00000000d9500000,0x00000000d9f80000)
 ParOldGen       total 82432K, used 7366K [0x0000000080000000, 0x0000000085080000, 0x00000000d5580000)
  object space 82432K, 8% used [0x0000000080000000,0x0000000080731a20,0x0000000085080000)
 Metaspace       used 28159K, capacity 28852K, committed 28976K, reserved 1075200K
  class space    used 3886K, capacity 4127K, committed 4144K, reserved 1048576K
Event: 3.791 GC heap after
Heap after GC invocations=6 (full 1):
 PSYoungGen      total 75776K, used 8103K [0x00000000d5580000, 0x00000000de280000, 0x0000000100000000)
  eden space 65024K, 0% used [0x00000000d5580000,0x00000000d5580000,0x00000000d9500000)
  from space 10752K, 75% used [0x00000000d9500000,0x00000000d9ce9de0,0x00000000d9f80000)
  to   space 12288K, 0% used [0x00000000dd680000,0x00000000dd680000,0x00000000de280000)
 ParOldGen       total 82432K, used 7374K [0x0000000080000000, 0x0000000085080000, 0x00000000d5580000)
  object space 82432K, 8% used [0x0000000080000000,0x0000000080733a20,0x0000000085080000)
 Metaspace       used 28159K, capacity 28852K, committed 28976K, reserved 1075200K
  class space    used 3886K, capacity 4127K, committed 4144K, reserved 1048576K
}
Event: 4.295 GC heap before
{Heap before GC invocations=7 (full 1):
 PSYoungGen      total 75776K, used 73127K [0x00000000d5580000, 0x00000000de280000, 0x0000000100000000)
  eden space 65024K, 100% used [0x00000000d5580000,0x00000000d9500000,0x00000000d9500000)
  from space 10752K, 75% used [0x00000000d9500000,0x00000000d9ce9de0,0x00000000d9f80000)
  to   space 12288K, 0% used [0x00000000dd680000,0x00000000dd680000,0x00000000de280000)
 ParOldGen       total 82432K, used 7374K [0x0000000080000000, 0x0000000085080000, 0x00000000d5580000)
  object space 82432K, 8% used [0x0000000080000000,0x0000000080733a20,0x0000000085080000)
 Metaspace       used 32277K, capacity 33016K, committed 33072K, reserved 1077248K
  class space    used 4407K, capacity 4641K, committed 4656K, reserved 1048576K
Event: 4.300 GC heap after
Heap after GC invocations=7 (full 1):
 PSYoungGen      total 126976K, used 8671K [0x00000000d5580000, 0x00000000ddf80000, 0x0000000100000000)
  eden space 117760K, 0% used [0x00000000d5580000,0x00000000d5580000,0x00000000dc880000)
  from space 9216K, 94% used [0x00000000dd680000,0x00000000ddef7db0,0x00000000ddf80000)
  to   space 11776K, 0% used [0x00000000dc880000,0x00000000dc880000,0x00000000dd400000)
 ParOldGen       total 82432K, used 7382K [0x0000000080000000, 0x0000000085080000, 0x00000000d5580000)
  object space 82432K, 8% used [0x0000000080000000,0x0000000080735a20,0x0000000085080000)
 Metaspace       used 32277K, capacity 33016K, committed 33072K, reserved 1077248K
  class space    used 4407K, capacity 4641K, committed 4656K, reserved 1048576K
}
Event: 4.694 GC heap before
{Heap before GC invocations=8 (full 1):
 PSYoungGen      total 126976K, used 58241K [0x00000000d5580000, 0x00000000ddf80000, 0x0000000100000000)
  eden space 117760K, 42% used [0x00000000d5580000,0x00000000d85e8810,0x00000000dc880000)
  from space 9216K, 94% used [0x00000000dd680000,0x00000000ddef7db0,0x00000000ddf80000)
  to   space 11776K, 0% used [0x00000000dc880000,0x00000000dc880000,0x00000000dd400000)
 ParOldGen       total 82432K, used 7382K [0x0000000080000000, 0x0000000085080000, 0x00000000d5580000)
  object space 82432K, 8% used [0x0000000080000000,0x0000000080735a20,0x0000000085080000)
 Metaspace       used 34588K, capacity 35414K, committed 35496K, reserved 1079296K
  class space    used 4746K, capacity 4972K, committed 5040K, reserved 1048576K
Event: 4.700 GC heap after
Heap after GC invocations=8 (full 1):
 PSYoungGen      total 129536K, used 8894K [0x00000000d5580000, 0x00000000e3980000, 0x0000000100000000)
  eden space 117760K, 0% used [0x00000000d5580000,0x00000000d5580000,0x00000000dc880000)
  from space 11776K, 75% used [0x00000000dc880000,0x00000000dd12fa28,0x00000000dd400000)
  to   space 11776K, 0% used [0x00000000e2e00000,0x00000000e2e00000,0x00000000e3980000)
 ParOldGen       total 82432K, used 7390K [0x0000000080000000, 0x0000000085080000, 0x00000000d5580000)
  object space 82432K, 8% used [0x0000000080000000,0x0000000080737a20,0x0000000085080000)
 Metaspace       used 34588K, capacity 35414K, committed 35496K, reserved 1079296K
  class space    used 4746K, capacity 4972K, committed 5040K, reserved 1048576K
}
Event: 4.700 GC heap before
{Heap before GC invocations=9 (full 2):
 PSYoungGen      total 129536K, used 8894K [0x00000000d5580000, 0x00000000e3980000, 0x0000000100000000)
  eden space 117760K, 0% used [0x00000000d5580000,0x00000000d5580000,0x00000000dc880000)
  from space 11776K, 75% used [0x00000000dc880000,0x00000000dd12fa28,0x00000000dd400000)
  to   space 11776K, 0% used [0x00000000e2e00000,0x00000000e2e00000,0x00000000e3980000)
 ParOldGen       total 82432K, used 7390K [0x0000000080000000, 0x0000000085080000, 0x00000000d5580000)
  object space 82432K, 8% used [0x0000000080000000,0x0000000080737a20,0x0000000085080000)
 Metaspace       used 34588K, capacity 35414K, committed 35496K, reserved 1079296K
  class space    used 4746K, capacity 4972K, committed 5040K, reserved 1048576K
Event: 4.753 GC heap after
Heap after GC invocations=9 (full 2):
 PSYoungGen      total 129536K, used 0K [0x00000000d5580000, 0x00000000e3980000, 0x0000000100000000)
  eden space 117760K, 0% used [0x00000000d5580000,0x00000000d5580000,0x00000000dc880000)
  from space 11776K, 0% used [0x00000000dc880000,0x00000000dc880000,0x00000000dd400000)
  to   space 11776K, 0% used [0x00000000e2e00000,0x00000000e2e00000,0x00000000e3980000)
 ParOldGen       total 121344K, used 15603K [0x0000000080000000, 0x0000000087680000, 0x00000000d5580000)
  object space 121344K, 12% used [0x0000000080000000,0x0000000080f3cc40,0x0000000087680000)
 Metaspace       used 34588K, capacity 35414K, committed 35496K, reserved 1079296K
  class space    used 4746K, capacity 4972K, committed 5040K, reserved 1048576K
}
Event: 5.983 GC heap before
{Heap before GC invocations=10 (full 2):
 PSYoungGen      total 129536K, used 117760K [0x00000000d5580000, 0x00000000e3980000, 0x0000000100000000)
  eden space 117760K, 100% used [0x00000000d5580000,0x00000000dc880000,0x00000000dc880000)
  from space 11776K, 0% used [0x00000000dc880000,0x00000000dc880000,0x00000000dd400000)
  to   space 11776K, 0% used [0x00000000e2e00000,0x00000000e2e00000,0x00000000e3980000)
 ParOldGen       total 121344K, used 15603K [0x0000000080000000, 0x0000000087680000, 0x00000000d5580000)
  object space 121344K, 12% used [0x0000000080000000,0x0000000080f3cc40,0x0000000087680000)
 Metaspace       used 44313K, capacity 45774K, committed 45864K, reserved 1089536K
  class space    used 6003K, capacity 6395K, committed 6448K, reserved 1048576K
Event: 5.993 GC heap after
Heap after GC invocations=10 (full 2):
 PSYoungGen      total 192512K, used 11758K [0x00000000d5580000, 0x00000000e3980000, 0x0000000100000000)
  eden space 180736K, 0% used [0x00000000d5580000,0x00000000d5580000,0x00000000e0600000)
  from space 11776K, 99% used [0x00000000e2e00000,0x00000000e397b800,0x00000000e3980000)
  to   space 15360K, 0% used [0x00000000e1b80000,0x00000000e1b80000,0x00000000e2a80000)
 ParOldGen       total 121344K, used 21826K [0x0000000080000000, 0x0000000087680000, 0x00000000d5580000)
  object space 121344K, 17% used [0x0000000080000000,0x0000000081550bc0,0x0000000087680000)
 Metaspace       used 44313K, capacity 45774K, committed 45864K, reserved 1089536K
  class space    used 6003K, capacity 6395K, committed 6448K, reserved 1048576K
}

